[1.503s] Invoking command in '/home/diego234/Esame/src/nmpc_node': PYTHONPATH=/home/diego234/Esame/build/nmpc_node/prefix_override:/usr/lib/python3/dist-packages/colcon_core/task/python/colcon_distutils_commands:/home/diego234/Esame/install/nmpc_node/lib/python3.10/site-packages:${PYTHONPATH} /usr/bin/python3 -W ignore:setup.py install is deprecated -W ignore:easy_install command is deprecated setup.py egg_info --egg-base ../../build/nmpc_node build --build-base /home/diego234/Esame/build/nmpc_node/build install --record /home/diego234/Esame/build/nmpc_node/install.log --single-version-externally-managed install_data
[1.973s] running egg_info
[1.973s] writing ../../build/nmpc_node/nmpc_node.egg-info/PKG-INFO
[1.973s] writing dependency_links to ../../build/nmpc_node/nmpc_node.egg-info/dependency_links.txt
[1.974s] writing entry points to ../../build/nmpc_node/nmpc_node.egg-info/entry_points.txt
[1.977s] writing requirements to ../../build/nmpc_node/nmpc_node.egg-info/requires.txt
[1.977s] writing top-level names to ../../build/nmpc_node/nmpc_node.egg-info/top_level.txt
[1.979s] reading manifest file '../../build/nmpc_node/nmpc_node.egg-info/SOURCES.txt'
[1.980s] writing manifest file '../../build/nmpc_node/nmpc_node.egg-info/SOURCES.txt'
[1.980s] running build
[1.980s] running build_py
[1.982s] copying nmpc_node/nmpc_diego.py -> /home/diego234/Esame/build/nmpc_node/build/lib/nmpc_node
[1.983s] running install
[1.983s] running install_lib
[1.983s] copying /home/diego234/Esame/build/nmpc_node/build/lib/nmpc_node/nmpc_diego.py -> /home/diego234/Esame/install/nmpc_node/lib/python3.10/site-packages/nmpc_node
[1.983s] byte-compiling /home/diego234/Esame/install/nmpc_node/lib/python3.10/site-packages/nmpc_node/nmpc_diego.py to nmpc_diego.cpython-310.pyc
[1.984s] running install_data
[1.985s] running install_egg_info
[1.987s] removing '/home/diego234/Esame/install/nmpc_node/lib/python3.10/site-packages/nmpc_node-0.0.0-py3.10.egg-info' (and everything under it)
[1.987s] Copying ../../build/nmpc_node/nmpc_node.egg-info to /home/diego234/Esame/install/nmpc_node/lib/python3.10/site-packages/nmpc_node-0.0.0-py3.10.egg-info
[1.989s] running install_scripts
[2.022s] Installing nmpc_node script to /home/diego234/Esame/install/nmpc_node/lib/nmpc_node
[2.022s] writing list of installed files to '/home/diego234/Esame/build/nmpc_node/install.log'
[2.073s] Invoked command in '/home/diego234/Esame/src/nmpc_node' returned '0': PYTHONPATH=/home/diego234/Esame/build/nmpc_node/prefix_override:/usr/lib/python3/dist-packages/colcon_core/task/python/colcon_distutils_commands:/home/diego234/Esame/install/nmpc_node/lib/python3.10/site-packages:${PYTHONPATH} /usr/bin/python3 -W ignore:setup.py install is deprecated -W ignore:easy_install command is deprecated setup.py egg_info --egg-base ../../build/nmpc_node build --build-base /home/diego234/Esame/build/nmpc_node/build install --record /home/diego234/Esame/build/nmpc_node/install.log --single-version-externally-managed install_data
