[0.018s] Invoking command in '/home/diego234/Esame/build/lidar_node_new': CMAKE_PREFIX_PATH=${CMAKE_PREFIX_PATH}:/opt/ros/humble /usr/bin/cmake --build /home/diego234/Esame/build/lidar_node_new -- -j5 -l5
[0.187s] [35m[1mConsolidate compiler generated dependencies of target lidar_node_new[0m
[0.261s] [100%] Built target lidar_node_new
[0.302s] Invoked command in '/home/diego234/Esame/build/lidar_node_new' returned '0': CMAKE_PREFIX_PATH=${CMAKE_PREFIX_PATH}:/opt/ros/humble /usr/bin/cmake --build /home/diego234/Esame/build/lidar_node_new -- -j5 -l5
[0.343s] Invoking command in '/home/diego234/Esame/build/lidar_node_new': CMAKE_PREFIX_PATH=${CMAKE_PREFIX_PATH}:/opt/ros/humble /usr/bin/cmake --install /home/diego234/Esame/build/lidar_node_new
[0.362s] -- Install configuration: ""
[0.362s] -- Up-to-date: /home/diego234/Esame/install/lidar_node_new/lib/lidar_node_new/lidar_node_new
[0.362s] -- Up-to-date: /home/diego234/Esame/install/lidar_node_new/share/ament_index/resource_index/package_run_dependencies/lidar_node_new
[0.362s] -- Up-to-date: /home/diego234/Esame/install/lidar_node_new/share/ament_index/resource_index/parent_prefix_path/lidar_node_new
[0.362s] -- Up-to-date: /home/diego234/Esame/install/lidar_node_new/share/lidar_node_new/environment/ament_prefix_path.sh
[0.362s] -- Up-to-date: /home/diego234/Esame/install/lidar_node_new/share/lidar_node_new/environment/ament_prefix_path.dsv
[0.362s] -- Up-to-date: /home/diego234/Esame/install/lidar_node_new/share/lidar_node_new/environment/path.sh
[0.362s] -- Up-to-date: /home/diego234/Esame/install/lidar_node_new/share/lidar_node_new/environment/path.dsv
[0.363s] -- Up-to-date: /home/diego234/Esame/install/lidar_node_new/share/lidar_node_new/local_setup.bash
[0.363s] -- Up-to-date: /home/diego234/Esame/install/lidar_node_new/share/lidar_node_new/local_setup.sh
[0.369s] -- Up-to-date: /home/diego234/Esame/install/lidar_node_new/share/lidar_node_new/local_setup.zsh
[0.370s] -- Up-to-date: /home/diego234/Esame/install/lidar_node_new/share/lidar_node_new/local_setup.dsv
[0.370s] -- Installing: /home/diego234/Esame/install/lidar_node_new/share/lidar_node_new/package.dsv
[0.375s] -- Up-to-date: /home/diego234/Esame/install/lidar_node_new/share/ament_index/resource_index/packages/lidar_node_new
[0.384s] -- Up-to-date: /home/diego234/Esame/install/lidar_node_new/share/lidar_node_new/cmake/lidar_node_newConfig.cmake
[0.384s] -- Up-to-date: /home/diego234/Esame/install/lidar_node_new/share/lidar_node_new/cmake/lidar_node_newConfig-version.cmake
[0.384s] -- Up-to-date: /home/diego234/Esame/install/lidar_node_new/share/lidar_node_new/package.xml
[0.385s] Invoked command in '/home/diego234/Esame/build/lidar_node_new' returned '0': CMAKE_PREFIX_PATH=${CMAKE_PREFIX_PATH}:/opt/ros/humble /usr/bin/cmake --install /home/diego234/Esame/build/lidar_node_new
