[0.024s] Invoking command in '/home/diego234/Esame/build/lidar_node_new': CMAKE_PREFIX_PATH=${CMAKE_PREFIX_PATH}:/opt/ros/humble /usr/bin/cmake --build /home/diego234/Esame/build/lidar_node_new -- -j5 -l5
[0.217s] [35m[1mConsolidate compiler generated dependencies of target lidar_node_new[0m
[0.343s] [ 50%] [32mBuilding CXX object CMakeFiles/lidar_node_new.dir/src/lidar_node_new.cpp.o[0m
[30.964s] [100%] [32m[1mLinking CXX executable lidar_node_new[0m
[41.275s] [100%] Built target lidar_node_new
[41.299s] Invoked command in '/home/diego234/Esame/build/lidar_node_new' returned '0': CMAKE_PREFIX_PATH=${CMAKE_PREFIX_PATH}:/opt/ros/humble /usr/bin/cmake --build /home/diego234/Esame/build/lidar_node_new -- -j5 -l5
[41.323s] Invoking command in '/home/diego234/Esame/build/lidar_node_new': CMAKE_PREFIX_PATH=${CMAKE_PREFIX_PATH}:/opt/ros/humble /usr/bin/cmake --install /home/diego234/Esame/build/lidar_node_new
[41.336s] -- Install configuration: ""
[41.336s] -- Installing: /home/diego234/Esame/install/lidar_node_new/lib/lidar_node_new/lidar_node_new
[41.342s] -- Set runtime path of "/home/diego234/Esame/install/lidar_node_new/lib/lidar_node_new/lidar_node_new" to ""
[41.342s] -- Up-to-date: /home/diego234/Esame/install/lidar_node_new/share/ament_index/resource_index/package_run_dependencies/lidar_node_new
[41.342s] -- Up-to-date: /home/diego234/Esame/install/lidar_node_new/share/ament_index/resource_index/parent_prefix_path/lidar_node_new
[41.343s] -- Up-to-date: /home/diego234/Esame/install/lidar_node_new/share/lidar_node_new/environment/ament_prefix_path.sh
[41.343s] -- Up-to-date: /home/diego234/Esame/install/lidar_node_new/share/lidar_node_new/environment/ament_prefix_path.dsv
[41.343s] -- Up-to-date: /home/diego234/Esame/install/lidar_node_new/share/lidar_node_new/environment/path.sh
[41.343s] -- Up-to-date: /home/diego234/Esame/install/lidar_node_new/share/lidar_node_new/environment/path.dsv
[41.343s] -- Up-to-date: /home/diego234/Esame/install/lidar_node_new/share/lidar_node_new/local_setup.bash
[41.343s] -- Up-to-date: /home/diego234/Esame/install/lidar_node_new/share/lidar_node_new/local_setup.sh
[41.343s] -- Up-to-date: /home/diego234/Esame/install/lidar_node_new/share/lidar_node_new/local_setup.zsh
[41.343s] -- Up-to-date: /home/diego234/Esame/install/lidar_node_new/share/lidar_node_new/local_setup.dsv
[41.344s] -- Installing: /home/diego234/Esame/install/lidar_node_new/share/lidar_node_new/package.dsv
[41.344s] -- Up-to-date: /home/diego234/Esame/install/lidar_node_new/share/ament_index/resource_index/packages/lidar_node_new
[41.344s] -- Up-to-date: /home/diego234/Esame/install/lidar_node_new/share/lidar_node_new/cmake/lidar_node_newConfig.cmake
[41.344s] -- Up-to-date: /home/diego234/Esame/install/lidar_node_new/share/lidar_node_new/cmake/lidar_node_newConfig-version.cmake
[41.344s] -- Up-to-date: /home/diego234/Esame/install/lidar_node_new/share/lidar_node_new/package.xml
[41.346s] Invoked command in '/home/diego234/Esame/build/lidar_node_new' returned '0': CMAKE_PREFIX_PATH=${CMAKE_PREFIX_PATH}:/opt/ros/humble /usr/bin/cmake --install /home/diego234/Esame/build/lidar_node_new
