running egg_info
writing ../../build/nmpc_node/nmpc_node.egg-info/PKG-INFO
writing dependency_links to ../../build/nmpc_node/nmpc_node.egg-info/dependency_links.txt
writing entry points to ../../build/nmpc_node/nmpc_node.egg-info/entry_points.txt
writing requirements to ../../build/nmpc_node/nmpc_node.egg-info/requires.txt
writing top-level names to ../../build/nmpc_node/nmpc_node.egg-info/top_level.txt
reading manifest file '../../build/nmpc_node/nmpc_node.egg-info/SOURCES.txt'
writing manifest file '../../build/nmpc_node/nmpc_node.egg-info/SOURCES.txt'
running build
running build_py
copying nmpc_node/nmpc_diego.py -> /home/diego234/Esame/build/nmpc_node/build/lib/nmpc_node
running install
running install_lib
copying /home/diego234/Esame/build/nmpc_node/build/lib/nmpc_node/nmpc_diego.py -> /home/diego234/Esame/install/nmpc_node/lib/python3.10/site-packages/nmpc_node
byte-compiling /home/diego234/Esame/install/nmpc_node/lib/python3.10/site-packages/nmpc_node/nmpc_diego.py to nmpc_diego.cpython-310.pyc
running install_data
running install_egg_info
removing '/home/diego234/Esame/install/nmpc_node/lib/python3.10/site-packages/nmpc_node-0.0.0-py3.10.egg-info' (and everything under it)
Copying ../../build/nmpc_node/nmpc_node.egg-info to /home/diego234/Esame/install/nmpc_node/lib/python3.10/site-packages/nmpc_node-0.0.0-py3.10.egg-info
running install_scripts
Installing nmpc_node script to /home/diego234/Esame/install/nmpc_node/lib/nmpc_node
writing list of installed files to '/home/diego234/Esame/build/nmpc_node/install.log'
