[0.169s] DEBUG:colcon:Command line arguments: ['/usr/bin/colcon', 'build']
[0.169s] DEBUG:colcon:Parsed command line arguments: Namespace(log_base=None, log_level=None, verb_name='build', build_base='build', install_base='install', merge_install=False, symlink_install=False, test_result_base=None, continue_on_error=False, executor='parallel', parallel_workers=5, event_handlers=None, ignore_user_meta=False, metas=['./colcon.meta'], base_paths=['.'], packages_ignore=None, packages_ignore_regex=None, paths=None, packages_up_to=None, packages_up_to_regex=None, packages_above=None, packages_above_and_dependencies=None, packages_above_depth=None, packages_select_by_dep=None, packages_skip_by_dep=None, packages_skip_up_to=None, packages_select_build_failed=False, packages_skip_build_finished=False, packages_select_test_failures=False, packages_skip_test_passed=False, packages_select=None, packages_skip=None, packages_select_regex=None, packages_skip_regex=None, packages_start=None, packages_end=None, allow_overriding=[], cmake_args=None, cmake_target=None, cmake_target_skip_unavailable=False, cmake_clean_cache=False, cmake_clean_first=False, cmake_force_configure=False, ament_cmake_args=None, catkin_cmake_args=None, catkin_skip_building_tests=False, mixin_files=None, mixin=None, verb_parser=<colcon_mixin.mixin.mixin_argument.MixinArgumentDecorator object at 0x7f82d095b9d0>, verb_extension=<colcon_core.verb.build.BuildVerb object at 0x7f82d0915270>, main=<bound method BuildVerb.main of <colcon_core.verb.build.BuildVerb object at 0x7f82d0915270>>, mixin_verb=('build',))
[0.589s] Level 1:colcon.colcon_core.package_discovery:discover_packages(colcon_meta) check parameters
[0.589s] Level 1:colcon.colcon_core.package_discovery:discover_packages(recursive) check parameters
[0.589s] Level 1:colcon.colcon_core.package_discovery:discover_packages(ignore) check parameters
[0.589s] Level 1:colcon.colcon_core.package_discovery:discover_packages(path) check parameters
[0.589s] Level 1:colcon.colcon_core.package_discovery:discover_packages(colcon_meta) discover
[0.590s] Level 1:colcon.colcon_core.package_discovery:discover_packages(recursive) discover
[0.590s] INFO:colcon.colcon_core.package_discovery:Crawling recursively for packages in '/home/diego234/Esame'
[0.590s] Level 1:colcon.colcon_core.package_identification:_identify(.) by extensions ['ignore', 'ignore_ament_install']
[0.590s] Level 1:colcon.colcon_core.package_identification:_identify(.) by extension 'ignore'
[0.590s] Level 1:colcon.colcon_core.package_identification:_identify(.) by extension 'ignore_ament_install'
[0.590s] Level 1:colcon.colcon_core.package_identification:_identify(.) by extensions ['colcon_pkg']
[0.590s] Level 1:colcon.colcon_core.package_identification:_identify(.) by extension 'colcon_pkg'
[0.590s] Level 1:colcon.colcon_core.package_identification:_identify(.) by extensions ['colcon_meta']
[0.590s] Level 1:colcon.colcon_core.package_identification:_identify(.) by extension 'colcon_meta'
[0.590s] Level 1:colcon.colcon_core.package_identification:_identify(.) by extensions ['ros']
[0.590s] Level 1:colcon.colcon_core.package_identification:_identify(.) by extension 'ros'
[0.639s] Level 1:colcon.colcon_core.package_identification:_identify(.) by extensions ['cmake', 'python']
[0.640s] Level 1:colcon.colcon_core.package_identification:_identify(.) by extension 'cmake'
[0.640s] Level 1:colcon.colcon_core.package_identification:_identify(.) by extension 'python'
[0.640s] Level 1:colcon.colcon_core.package_identification:_identify(.) by extensions ['python_setup_py']
[0.640s] Level 1:colcon.colcon_core.package_identification:_identify(.) by extension 'python_setup_py'
[0.640s] Level 1:colcon.colcon_core.package_identification:_identify(build) by extensions ['ignore', 'ignore_ament_install']
[0.640s] Level 1:colcon.colcon_core.package_identification:_identify(build) by extension 'ignore'
[0.641s] Level 1:colcon.colcon_core.package_identification:_identify(build) ignored
[0.641s] Level 1:colcon.colcon_core.package_identification:_identify(install) by extensions ['ignore', 'ignore_ament_install']
[0.641s] Level 1:colcon.colcon_core.package_identification:_identify(install) by extension 'ignore'
[0.641s] Level 1:colcon.colcon_core.package_identification:_identify(install) ignored
[0.641s] Level 1:colcon.colcon_core.package_identification:_identify(log) by extensions ['ignore', 'ignore_ament_install']
[0.642s] Level 1:colcon.colcon_core.package_identification:_identify(log) by extension 'ignore'
[0.642s] Level 1:colcon.colcon_core.package_identification:_identify(log) ignored
[0.642s] Level 1:colcon.colcon_core.package_identification:_identify(src) by extensions ['ignore', 'ignore_ament_install']
[0.642s] Level 1:colcon.colcon_core.package_identification:_identify(src) by extension 'ignore'
[0.642s] Level 1:colcon.colcon_core.package_identification:_identify(src) by extension 'ignore_ament_install'
[0.642s] Level 1:colcon.colcon_core.package_identification:_identify(src) by extensions ['colcon_pkg']
[0.642s] Level 1:colcon.colcon_core.package_identification:_identify(src) by extension 'colcon_pkg'
[0.642s] Level 1:colcon.colcon_core.package_identification:_identify(src) by extensions ['colcon_meta']
[0.642s] Level 1:colcon.colcon_core.package_identification:_identify(src) by extension 'colcon_meta'
[0.643s] Level 1:colcon.colcon_core.package_identification:_identify(src) by extensions ['ros']
[0.643s] Level 1:colcon.colcon_core.package_identification:_identify(src) by extension 'ros'
[0.643s] Level 1:colcon.colcon_core.package_identification:_identify(src) by extensions ['cmake', 'python']
[0.643s] Level 1:colcon.colcon_core.package_identification:_identify(src) by extension 'cmake'
[0.643s] Level 1:colcon.colcon_core.package_identification:_identify(src) by extension 'python'
[0.643s] Level 1:colcon.colcon_core.package_identification:_identify(src) by extensions ['python_setup_py']
[0.643s] Level 1:colcon.colcon_core.package_identification:_identify(src) by extension 'python_setup_py'
[0.643s] Level 1:colcon.colcon_core.package_identification:_identify(src/lidar_node_new) by extensions ['ignore', 'ignore_ament_install']
[0.644s] Level 1:colcon.colcon_core.package_identification:_identify(src/lidar_node_new) by extension 'ignore'
[0.644s] Level 1:colcon.colcon_core.package_identification:_identify(src/lidar_node_new) by extension 'ignore_ament_install'
[0.644s] Level 1:colcon.colcon_core.package_identification:_identify(src/lidar_node_new) by extensions ['colcon_pkg']
[0.644s] Level 1:colcon.colcon_core.package_identification:_identify(src/lidar_node_new) by extension 'colcon_pkg'
[0.644s] Level 1:colcon.colcon_core.package_identification:_identify(src/lidar_node_new) by extensions ['colcon_meta']
[0.644s] Level 1:colcon.colcon_core.package_identification:_identify(src/lidar_node_new) by extension 'colcon_meta'
[0.644s] Level 1:colcon.colcon_core.package_identification:_identify(src/lidar_node_new) by extensions ['ros']
[0.644s] Level 1:colcon.colcon_core.package_identification:_identify(src/lidar_node_new) by extension 'ros'
[0.650s] DEBUG:colcon.colcon_core.package_identification:Package 'src/lidar_node_new' with type 'ros.ament_cmake' and name 'lidar_node_new'
[0.650s] Level 1:colcon.colcon_core.package_discovery:discover_packages(recursive) using defaults
[0.651s] Level 1:colcon.colcon_core.package_discovery:discover_packages(ignore) discover
[0.651s] Level 1:colcon.colcon_core.package_discovery:discover_packages(ignore) using defaults
[0.651s] Level 1:colcon.colcon_core.package_discovery:discover_packages(path) discover
[0.651s] Level 1:colcon.colcon_core.package_discovery:discover_packages(path) using defaults
[0.692s] Level 1:colcon.colcon_core.package_discovery:discover_packages(prefix_path) check parameters
[0.692s] Level 1:colcon.colcon_core.package_discovery:discover_packages(prefix_path) discover
[0.695s] DEBUG:colcon.colcon_installed_package_information.package_discovery:Found 1 installed packages in /home/diego234/csagv_ws/install
[0.698s] DEBUG:colcon.colcon_installed_package_information.package_discovery:Found 386 installed packages in /opt/ros/humble
[0.701s] Level 1:colcon.colcon_core.package_discovery:discover_packages(prefix_path) using defaults
[0.803s] Level 5:colcon.colcon_core.verb:set package 'lidar_node_new' build argument 'cmake_args' from command line to 'None'
[0.803s] Level 5:colcon.colcon_core.verb:set package 'lidar_node_new' build argument 'cmake_target' from command line to 'None'
[0.803s] Level 5:colcon.colcon_core.verb:set package 'lidar_node_new' build argument 'cmake_target_skip_unavailable' from command line to 'False'
[0.803s] Level 5:colcon.colcon_core.verb:set package 'lidar_node_new' build argument 'cmake_clean_cache' from command line to 'False'
[0.803s] Level 5:colcon.colcon_core.verb:set package 'lidar_node_new' build argument 'cmake_clean_first' from command line to 'False'
[0.804s] Level 5:colcon.colcon_core.verb:set package 'lidar_node_new' build argument 'cmake_force_configure' from command line to 'False'
[0.804s] Level 5:colcon.colcon_core.verb:set package 'lidar_node_new' build argument 'ament_cmake_args' from command line to 'None'
[0.804s] Level 5:colcon.colcon_core.verb:set package 'lidar_node_new' build argument 'catkin_cmake_args' from command line to 'None'
[0.804s] Level 5:colcon.colcon_core.verb:set package 'lidar_node_new' build argument 'catkin_skip_building_tests' from command line to 'False'
[0.804s] DEBUG:colcon.colcon_core.verb:Building package 'lidar_node_new' with the following arguments: {'ament_cmake_args': None, 'build_base': '/home/diego234/Esame/build/lidar_node_new', 'catkin_cmake_args': None, 'catkin_skip_building_tests': False, 'cmake_args': None, 'cmake_clean_cache': False, 'cmake_clean_first': False, 'cmake_force_configure': False, 'cmake_target': None, 'cmake_target_skip_unavailable': False, 'install_base': '/home/diego234/Esame/install/lidar_node_new', 'merge_install': False, 'path': '/home/diego234/Esame/src/lidar_node_new', 'symlink_install': False, 'test_result_base': None}
[0.804s] INFO:colcon.colcon_core.executor:Executing jobs using 'parallel' executor
[0.806s] DEBUG:colcon.colcon_parallel_executor.executor.parallel:run_until_complete
[0.806s] INFO:colcon.colcon_ros.task.ament_cmake.build:Building ROS package in '/home/diego234/Esame/src/lidar_node_new' with build type 'ament_cmake'
[0.806s] INFO:colcon.colcon_cmake.task.cmake.build:Building CMake package in '/home/diego234/Esame/src/lidar_node_new'
[0.809s] INFO:colcon.colcon_core.plugin_system:Skipping extension 'colcon_core.shell.bat': Not used on non-Windows systems
[0.810s] INFO:colcon.colcon_core.shell:Skip shell extension 'powershell' for command environment: Not usable outside of PowerShell
[0.810s] DEBUG:colcon.colcon_core.shell:Skip shell extension 'dsv' for command environment
[0.846s] DEBUG:colcon.colcon_core.event_handler.log_command:Invoking command in '/home/diego234/Esame/build/lidar_node_new': CMAKE_PREFIX_PATH=${CMAKE_PREFIX_PATH}:/opt/ros/humble /usr/bin/cmake --build /home/diego234/Esame/build/lidar_node_new -- -j5 -l5
[37.846s] DEBUG:colcon.colcon_core.event_handler.log_command:Invoked command in '/home/diego234/Esame/build/lidar_node_new' returned '0': CMAKE_PREFIX_PATH=${CMAKE_PREFIX_PATH}:/opt/ros/humble /usr/bin/cmake --build /home/diego234/Esame/build/lidar_node_new -- -j5 -l5
[37.869s] DEBUG:colcon.colcon_core.event_handler.log_command:Invoking command in '/home/diego234/Esame/build/lidar_node_new': CMAKE_PREFIX_PATH=${CMAKE_PREFIX_PATH}:/opt/ros/humble /usr/bin/cmake --install /home/diego234/Esame/build/lidar_node_new
[37.891s] Level 1:colcon.colcon_core.environment:create_environment_scripts_only(lidar_node_new)
[37.892s] DEBUG:colcon.colcon_core.event_handler.log_command:Invoked command in '/home/diego234/Esame/build/lidar_node_new' returned '0': CMAKE_PREFIX_PATH=${CMAKE_PREFIX_PATH}:/opt/ros/humble /usr/bin/cmake --install /home/diego234/Esame/build/lidar_node_new
[37.896s] Level 1:colcon.colcon_core.environment:checking '/home/diego234/Esame/install/lidar_node_new' for CMake module files
[37.897s] Level 1:colcon.colcon_core.environment:checking '/home/diego234/Esame/install/lidar_node_new' for CMake config files
[37.897s] Level 1:colcon.colcon_core.shell:create_environment_hook('lidar_node_new', 'cmake_prefix_path')
[37.898s] INFO:colcon.colcon_core.shell:Creating environment hook '/home/diego234/Esame/install/lidar_node_new/share/lidar_node_new/hook/cmake_prefix_path.ps1'
[37.899s] INFO:colcon.colcon_core.shell:Creating environment descriptor '/home/diego234/Esame/install/lidar_node_new/share/lidar_node_new/hook/cmake_prefix_path.dsv'
[37.899s] INFO:colcon.colcon_core.shell:Creating environment hook '/home/diego234/Esame/install/lidar_node_new/share/lidar_node_new/hook/cmake_prefix_path.sh'
[37.900s] Level 1:colcon.colcon_core.environment:checking '/home/diego234/Esame/install/lidar_node_new/lib'
[37.901s] Level 1:colcon.colcon_core.environment:checking '/home/diego234/Esame/install/lidar_node_new/bin'
[37.901s] Level 1:colcon.colcon_core.environment:checking '/home/diego234/Esame/install/lidar_node_new/lib/pkgconfig/lidar_node_new.pc'
[37.901s] Level 1:colcon.colcon_core.environment:checking '/home/diego234/Esame/install/lidar_node_new/lib/python3.10/site-packages'
[37.901s] Level 1:colcon.colcon_core.environment:checking '/home/diego234/Esame/install/lidar_node_new/bin'
[37.902s] INFO:colcon.colcon_core.shell:Creating package script '/home/diego234/Esame/install/lidar_node_new/share/lidar_node_new/package.ps1'
[37.903s] INFO:colcon.colcon_core.shell:Creating package descriptor '/home/diego234/Esame/install/lidar_node_new/share/lidar_node_new/package.dsv'
[37.903s] INFO:colcon.colcon_core.shell:Creating package script '/home/diego234/Esame/install/lidar_node_new/share/lidar_node_new/package.sh'
[37.904s] INFO:colcon.colcon_core.shell:Creating package script '/home/diego234/Esame/install/lidar_node_new/share/lidar_node_new/package.bash'
[37.905s] INFO:colcon.colcon_core.shell:Creating package script '/home/diego234/Esame/install/lidar_node_new/share/lidar_node_new/package.zsh'
[37.906s] Level 1:colcon.colcon_core.environment:create_file_with_runtime_dependencies(/home/diego234/Esame/install/lidar_node_new/share/colcon-core/packages/lidar_node_new)
[37.907s] Level 1:colcon.colcon_core.environment:create_environment_scripts_only(lidar_node_new)
[37.907s] Level 1:colcon.colcon_core.environment:checking '/home/diego234/Esame/install/lidar_node_new' for CMake module files
[37.908s] Level 1:colcon.colcon_core.environment:checking '/home/diego234/Esame/install/lidar_node_new' for CMake config files
[37.908s] Level 1:colcon.colcon_core.shell:create_environment_hook('lidar_node_new', 'cmake_prefix_path')
[37.908s] INFO:colcon.colcon_core.shell:Creating environment hook '/home/diego234/Esame/install/lidar_node_new/share/lidar_node_new/hook/cmake_prefix_path.ps1'
[37.909s] INFO:colcon.colcon_core.shell:Creating environment descriptor '/home/diego234/Esame/install/lidar_node_new/share/lidar_node_new/hook/cmake_prefix_path.dsv'
[37.909s] INFO:colcon.colcon_core.shell:Creating environment hook '/home/diego234/Esame/install/lidar_node_new/share/lidar_node_new/hook/cmake_prefix_path.sh'
[37.910s] Level 1:colcon.colcon_core.environment:checking '/home/diego234/Esame/install/lidar_node_new/lib'
[37.910s] Level 1:colcon.colcon_core.environment:checking '/home/diego234/Esame/install/lidar_node_new/bin'
[37.910s] Level 1:colcon.colcon_core.environment:checking '/home/diego234/Esame/install/lidar_node_new/lib/pkgconfig/lidar_node_new.pc'
[37.911s] Level 1:colcon.colcon_core.environment:checking '/home/diego234/Esame/install/lidar_node_new/lib/python3.10/site-packages'
[37.911s] Level 1:colcon.colcon_core.environment:checking '/home/diego234/Esame/install/lidar_node_new/bin'
[37.911s] INFO:colcon.colcon_core.shell:Creating package script '/home/diego234/Esame/install/lidar_node_new/share/lidar_node_new/package.ps1'
[37.912s] INFO:colcon.colcon_core.shell:Creating package descriptor '/home/diego234/Esame/install/lidar_node_new/share/lidar_node_new/package.dsv'
[37.912s] INFO:colcon.colcon_core.shell:Creating package script '/home/diego234/Esame/install/lidar_node_new/share/lidar_node_new/package.sh'
[37.913s] INFO:colcon.colcon_core.shell:Creating package script '/home/diego234/Esame/install/lidar_node_new/share/lidar_node_new/package.bash'
[37.914s] INFO:colcon.colcon_core.shell:Creating package script '/home/diego234/Esame/install/lidar_node_new/share/lidar_node_new/package.zsh'
[37.914s] Level 1:colcon.colcon_core.environment:create_file_with_runtime_dependencies(/home/diego234/Esame/install/lidar_node_new/share/colcon-core/packages/lidar_node_new)
[37.915s] DEBUG:colcon.colcon_parallel_executor.executor.parallel:closing loop
[37.915s] DEBUG:colcon.colcon_parallel_executor.executor.parallel:loop closed
[37.915s] DEBUG:colcon.colcon_parallel_executor.executor.parallel:run_until_complete finished with '0'
[37.915s] DEBUG:colcon.colcon_core.event_reactor:joining thread
[37.921s] INFO:colcon.colcon_core.plugin_system:Skipping extension 'colcon_notification.desktop_notification.terminal_notifier': Not used on non-Darwin systems
[37.922s] INFO:colcon.colcon_core.plugin_system:Skipping extension 'colcon_notification.desktop_notification.win32': Not used on non-Windows systems
[37.922s] INFO:colcon.colcon_notification.desktop_notification:Sending desktop notification using 'notify2'
[37.945s] DEBUG:colcon.colcon_core.event_reactor:joined thread
[37.945s] INFO:colcon.colcon_core.shell:Creating prefix script '/home/diego234/Esame/install/local_setup.ps1'
[37.946s] INFO:colcon.colcon_core.shell:Creating prefix util module '/home/diego234/Esame/install/_local_setup_util_ps1.py'
[37.948s] INFO:colcon.colcon_core.shell:Creating prefix chain script '/home/diego234/Esame/install/setup.ps1'
[37.950s] INFO:colcon.colcon_core.shell:Creating prefix script '/home/diego234/Esame/install/local_setup.sh'
[37.951s] INFO:colcon.colcon_core.shell:Creating prefix util module '/home/diego234/Esame/install/_local_setup_util_sh.py'
[37.952s] INFO:colcon.colcon_core.shell:Creating prefix chain script '/home/diego234/Esame/install/setup.sh'
[37.953s] INFO:colcon.colcon_core.shell:Creating prefix script '/home/diego234/Esame/install/local_setup.bash'
[37.954s] INFO:colcon.colcon_core.shell:Creating prefix chain script '/home/diego234/Esame/install/setup.bash'
[37.955s] INFO:colcon.colcon_core.shell:Creating prefix script '/home/diego234/Esame/install/local_setup.zsh'
[37.956s] INFO:colcon.colcon_core.shell:Creating prefix chain script '/home/diego234/Esame/install/setup.zsh'
