[0.014s] Invoking command in '/home/diego234/Esame/build/lidar_node_new': CMAKE_PREFIX_PATH=${CMAKE_PREFIX_PATH}:/opt/ros/humble /usr/bin/cmake /home/diego234/Esame/src/lidar_node_new -DCMAKE_INSTALL_PREFIX=/home/diego234/Esame/install/lidar_node_new
[0.185s] -- The C compiler identification is GNU 11.4.0
[0.248s] -- The CXX compiler identification is GNU 11.4.0
[0.267s] -- Detecting C compiler ABI info
[0.337s] -- Detecting C compiler ABI info - done
[0.348s] -- Check for working C compiler: /usr/bin/cc - skipped
[0.349s] -- Detecting C compile features
[0.350s] -- Detecting C compile features - done
[0.358s] -- Detecting CXX compiler ABI info
[0.456s] -- Detecting CXX compiler ABI info - done
[0.467s] -- Check for working CXX compiler: /usr/bin/c++ - skipped
[0.467s] -- Detecting CXX compile features
[0.468s] -- Detecting CXX compile features - done
[0.476s] -- Found ament_cmake: 1.3.11 (/opt/ros/humble/share/ament_cmake/cmake)
[0.651s] -- Found Python3: /usr/bin/python3 (found version "3.10.12") found components: Interpreter 
[0.810s] -- Found rclcpp: 16.0.11 (/opt/ros/humble/share/rclcpp/cmake)
[0.886s] -- Found rosidl_generator_c: 3.1.6 (/opt/ros/humble/share/rosidl_generator_c/cmake)
[0.893s] -- Found rosidl_adapter: 3.1.6 (/opt/ros/humble/share/rosidl_adapter/cmake)
[0.907s] -- Found rosidl_generator_cpp: 3.1.6 (/opt/ros/humble/share/rosidl_generator_cpp/cmake)
[0.926s] -- Using all available rosidl_typesupport_c: rosidl_typesupport_fastrtps_c;rosidl_typesupport_introspection_c
[0.956s] -- Using all available rosidl_typesupport_cpp: rosidl_typesupport_fastrtps_cpp;rosidl_typesupport_introspection_cpp
[1.024s] -- Found rmw_implementation_cmake: 6.1.2 (/opt/ros/humble/share/rmw_implementation_cmake/cmake)
[1.031s] -- Found rmw_cyclonedds_cpp: 1.3.4 (/opt/ros/humble/share/rmw_cyclonedds_cpp/cmake)
[1.095s] -- Using RMW implementation 'rmw_cyclonedds_cpp' as default
[1.111s] -- Looking for pthread.h
[1.208s] -- Looking for pthread.h - found
[1.208s] -- Performing Test CMAKE_HAVE_LIBC_PTHREAD
[1.289s] -- Performing Test CMAKE_HAVE_LIBC_PTHREAD - Success
[1.289s] -- Found Threads: TRUE  
[1.381s] -- Found sensor_msgs: 4.2.4 (/opt/ros/humble/share/sensor_msgs/cmake)
[1.427s] -- Found pcl_conversions: 2.4.5 (/opt/ros/humble/share/pcl_conversions/cmake)
[1.490s] -- Checking for module 'eigen3'
[1.504s] --   Found eigen3, version 3.4.0
[1.529s] -- Found Eigen: /usr/include/eigen3 (Required is at least version "3.1") 
[1.530s] -- Eigen found (include: /usr/include/eigen3, version: 3.4.0)
[1.597s] -- Checking for module 'flann'
[1.620s] --   Found flann, version 1.9.1
[1.688s] -- Found FLANN: /usr/lib/x86_64-linux-gnu/libflann_cpp.so  
[1.688s] -- FLANN found (include: /usr/include, lib: /usr/lib/x86_64-linux-gnu/libflann_cpp.so)
[2.824s] -- Checking for module 'libusb-1.0'
[2.837s] --   Found libusb-1.0, version 1.0.25
[2.879s] -- Found libusb: /usr/lib/x86_64-linux-gnu/libusb-1.0.so  
[2.880s] -- OpenNI found (version: 1.5.4.0, include: /usr/include/ni, lib: /usr/lib/libOpenNI.so;libusb::libusb)
[2.967s] -- OpenNI2 found (version: 2.2.0.33, include: /usr/include/openni2, lib: /usr/lib/x86_64-linux-gnu/libOpenNI2.so;libusb::libusb)
[3.135s] -- Eigen found (include: /usr/include/eigen3, version: 3.4.0)
[3.141s] -- OpenNI found (version: 1.5.4.0, include: /usr/include/ni, lib: /usr/lib/libOpenNI.so;libusb::libusb)
[3.147s] -- OpenNI2 found (version: 2.2.0.33, include: /usr/include/openni2, lib: /usr/lib/x86_64-linux-gnu/libOpenNI2.so;libusb::libusb)
[3.297s] -- Found Qhull version 8.0.2
[3.445s] -- OpenNI found (version: 1.5.4.0, include: /usr/include/ni, lib: /usr/lib/libOpenNI.so;libusb::libusb)
[3.594s] -- Found PCL_COMMON: /usr/lib/x86_64-linux-gnu/libpcl_common.so  
[3.594s] -- Found PCL_KDTREE: /usr/lib/x86_64-linux-gnu/libpcl_kdtree.so  
[3.595s] -- Found PCL_OCTREE: /usr/lib/x86_64-linux-gnu/libpcl_octree.so  
[3.596s] -- Found PCL_SEARCH: /usr/lib/x86_64-linux-gnu/libpcl_search.so  
[3.597s] -- Found PCL_SAMPLE_CONSENSUS: /usr/lib/x86_64-linux-gnu/libpcl_sample_consensus.so  
[3.598s] -- Found PCL_FILTERS: /usr/lib/x86_64-linux-gnu/libpcl_filters.so  
[3.599s] -- Found PCL_2D: /usr/include/pcl-1.12  
[3.599s] -- Found PCL_GEOMETRY: /usr/include/pcl-1.12  
[3.600s] -- Found PCL_IO: /usr/lib/x86_64-linux-gnu/libpcl_io.so  
[3.602s] -- Found PCL_FEATURES: /usr/lib/x86_64-linux-gnu/libpcl_features.so  
[3.605s] -- Found PCL_ML: /usr/lib/x86_64-linux-gnu/libpcl_ml.so  
[3.606s] -- Found PCL_SEGMENTATION: /usr/lib/x86_64-linux-gnu/libpcl_segmentation.so  
[3.607s] -- Found PCL_VISUALIZATION: /usr/lib/x86_64-linux-gnu/libpcl_visualization.so  
[3.608s] -- Found PCL_SURFACE: /usr/lib/x86_64-linux-gnu/libpcl_surface.so  
[3.609s] -- Found PCL_REGISTRATION: /usr/lib/x86_64-linux-gnu/libpcl_registration.so  
[3.610s] -- Found PCL_KEYPOINTS: /usr/lib/x86_64-linux-gnu/libpcl_keypoints.so  
[3.611s] -- Found PCL_TRACKING: /usr/lib/x86_64-linux-gnu/libpcl_tracking.so  
[3.612s] -- Found PCL_RECOGNITION: /usr/lib/x86_64-linux-gnu/libpcl_recognition.so  
[3.614s] -- Found PCL_STEREO: /usr/lib/x86_64-linux-gnu/libpcl_stereo.so  
[3.615s] -- Found PCL_APPS: /usr/lib/x86_64-linux-gnu/libpcl_apps.so  
[3.615s] -- Found PCL_IN_HAND_SCANNER: /usr/include/pcl-1.12  
[3.616s] -- Found PCL_MODELER: /usr/include/pcl-1.12  
[3.616s] -- Found PCL_POINT_CLOUD_EDITOR: /usr/include/pcl-1.12  
[3.617s] -- Found PCL_OUTOFCORE: /usr/lib/x86_64-linux-gnu/libpcl_outofcore.so  
[3.618s] -- Found PCL_PEOPLE: /usr/lib/x86_64-linux-gnu/libpcl_people.so  
[3.624s] -- Found pcl_ros: 2.4.5 (/opt/ros/humble/share/pcl_ros/cmake)
[3.674s] -- Found eigen3_cmake_module: 0.1.1 (/opt/ros/humble/share/eigen3_cmake_module/cmake)
[3.676s] -- Found Eigen3: TRUE (found version "3.4.0") 
[3.676s] -- Ensuring Eigen3 include directory is part of orocos-kdl CMake target
[3.814s] -- Found ament_lint_auto: 0.12.11 (/opt/ros/humble/share/ament_lint_auto/cmake)
[3.943s] -- Found OpenCV: /usr (found version "4.5.4") 
[3.950s] -- Added test 'cppcheck' to perform static code analysis on C / C++ code
[3.950s] -- Configured cppcheck include dirs: 
[3.950s] -- Configured cppcheck exclude dirs and/or files: 
[3.952s] -- Added test 'lint_cmake' to check CMake code style
[3.953s] -- Added test 'uncrustify' to check C / C++ code style
[3.953s] -- Configured uncrustify additional arguments: 
[3.954s] -- Added test 'xmllint' to check XML markup files
[3.956s] -- Configuring done
[4.015s] -- Generating done
[4.028s] -- Build files have been written to: /home/diego234/Esame/build/lidar_node_new
[4.049s] Invoked command in '/home/diego234/Esame/build/lidar_node_new' returned '0': CMAKE_PREFIX_PATH=${CMAKE_PREFIX_PATH}:/opt/ros/humble /usr/bin/cmake /home/diego234/Esame/src/lidar_node_new -DCMAKE_INSTALL_PREFIX=/home/diego234/Esame/install/lidar_node_new
[4.050s] Invoking command in '/home/diego234/Esame/build/lidar_node_new': CMAKE_PREFIX_PATH=${CMAKE_PREFIX_PATH}:/opt/ros/humble /usr/bin/cmake --build /home/diego234/Esame/build/lidar_node_new -- -j5 -l5
[4.109s] [ 50%] [32mBuilding CXX object CMakeFiles/lidar_node_new.dir/src/lidar_node_new.cpp.o[0m
[20.658s] [100%] [32m[1mLinking CXX executable lidar_node_new[0m
[26.312s] [100%] Built target lidar_node_new
[26.321s] Invoked command in '/home/diego234/Esame/build/lidar_node_new' returned '0': CMAKE_PREFIX_PATH=${CMAKE_PREFIX_PATH}:/opt/ros/humble /usr/bin/cmake --build /home/diego234/Esame/build/lidar_node_new -- -j5 -l5
[26.329s] Invoking command in '/home/diego234/Esame/build/lidar_node_new': CMAKE_PREFIX_PATH=${CMAKE_PREFIX_PATH}:/opt/ros/humble /usr/bin/cmake --install /home/diego234/Esame/build/lidar_node_new
[26.335s] -- Install configuration: ""
[26.336s] -- Installing: /home/diego234/Esame/install/lidar_node_new/lib/lidar_node_new/lidar_node_new
[26.338s] -- Set runtime path of "/home/diego234/Esame/install/lidar_node_new/lib/lidar_node_new/lidar_node_new" to ""
[26.338s] -- Installing: /home/diego234/Esame/install/lidar_node_new/share/ament_index/resource_index/package_run_dependencies/lidar_node_new
[26.338s] -- Installing: /home/diego234/Esame/install/lidar_node_new/share/ament_index/resource_index/parent_prefix_path/lidar_node_new
[26.339s] -- Installing: /home/diego234/Esame/install/lidar_node_new/share/lidar_node_new/environment/ament_prefix_path.sh
[26.339s] -- Installing: /home/diego234/Esame/install/lidar_node_new/share/lidar_node_new/environment/ament_prefix_path.dsv
[26.339s] -- Installing: /home/diego234/Esame/install/lidar_node_new/share/lidar_node_new/environment/path.sh
[26.339s] -- Installing: /home/diego234/Esame/install/lidar_node_new/share/lidar_node_new/environment/path.dsv
[26.339s] -- Installing: /home/diego234/Esame/install/lidar_node_new/share/lidar_node_new/local_setup.bash
[26.339s] -- Installing: /home/diego234/Esame/install/lidar_node_new/share/lidar_node_new/local_setup.sh
[26.339s] -- Installing: /home/diego234/Esame/install/lidar_node_new/share/lidar_node_new/local_setup.zsh
[26.340s] -- Installing: /home/diego234/Esame/install/lidar_node_new/share/lidar_node_new/local_setup.dsv
[26.340s] -- Installing: /home/diego234/Esame/install/lidar_node_new/share/lidar_node_new/package.dsv
[26.340s] -- Installing: /home/diego234/Esame/install/lidar_node_new/share/ament_index/resource_index/packages/lidar_node_new
[26.340s] -- Installing: /home/diego234/Esame/install/lidar_node_new/share/lidar_node_new/cmake/lidar_node_newConfig.cmake
[26.342s] -- Installing: /home/diego234/Esame/install/lidar_node_new/share/lidar_node_new/cmake/lidar_node_newConfig-version.cmake
[26.342s] -- Installing: /home/diego234/Esame/install/lidar_node_new/share/lidar_node_new/package.xml
[26.343s] Invoked command in '/home/diego234/Esame/build/lidar_node_new' returned '0': CMAKE_PREFIX_PATH=${CMAKE_PREFIX_PATH}:/opt/ros/humble /usr/bin/cmake --install /home/diego234/Esame/build/lidar_node_new
