[1.779s] Invoking command in '/home/diego234/Esame/src/nmpc_node': PYTHONPATH=/home/diego234/Esame/build/nmpc_node/prefix_override:/usr/lib/python3/dist-packages/colcon_core/task/python/colcon_distutils_commands:/home/diego234/Esame/install/nmpc_node/lib/python3.10/site-packages:${PYTHONPATH} /usr/bin/python3 -W ignore:setup.py install is deprecated -W ignore:easy_install command is deprecated setup.py egg_info --egg-base ../../build/nmpc_node build --build-base /home/diego234/Esame/build/nmpc_node/build install --record /home/diego234/Esame/build/nmpc_node/install.log --single-version-externally-managed install_data
[2.316s] running egg_info
[2.317s] writing ../../build/nmpc_node/nmpc_node.egg-info/PKG-INFO
[2.317s] writing dependency_links to ../../build/nmpc_node/nmpc_node.egg-info/dependency_links.txt
[2.318s] writing entry points to ../../build/nmpc_node/nmpc_node.egg-info/entry_points.txt
[2.319s] writing requirements to ../../build/nmpc_node/nmpc_node.egg-info/requires.txt
[2.319s] writing top-level names to ../../build/nmpc_node/nmpc_node.egg-info/top_level.txt
[2.321s] reading manifest file '../../build/nmpc_node/nmpc_node.egg-info/SOURCES.txt'
[2.322s] writing manifest file '../../build/nmpc_node/nmpc_node.egg-info/SOURCES.txt'
[2.323s] running build
[2.323s] running build_py
[2.323s] copying nmpc_node/nmpc_diego.py -> /home/diego234/Esame/build/nmpc_node/build/lib/nmpc_node
[2.323s] running install
[2.324s] running install_lib
[2.325s] copying /home/diego234/Esame/build/nmpc_node/build/lib/nmpc_node/nmpc_diego.py -> /home/diego234/Esame/install/nmpc_node/lib/python3.10/site-packages/nmpc_node
[2.326s] byte-compiling /home/diego234/Esame/install/nmpc_node/lib/python3.10/site-packages/nmpc_node/nmpc_diego.py to nmpc_diego.cpython-310.pyc
[2.327s] running install_data
[2.327s] running install_egg_info
[2.330s] removing '/home/diego234/Esame/install/nmpc_node/lib/python3.10/site-packages/nmpc_node-0.0.0-py3.10.egg-info' (and everything under it)
[2.331s] Copying ../../build/nmpc_node/nmpc_node.egg-info to /home/diego234/Esame/install/nmpc_node/lib/python3.10/site-packages/nmpc_node-0.0.0-py3.10.egg-info
[2.332s] running install_scripts
[2.363s] Installing nmpc_node script to /home/diego234/Esame/install/nmpc_node/lib/nmpc_node
[2.363s] writing list of installed files to '/home/diego234/Esame/build/nmpc_node/install.log'
[2.434s] Invoked command in '/home/diego234/Esame/src/nmpc_node' returned '0': PYTHONPATH=/home/diego234/Esame/build/nmpc_node/prefix_override:/usr/lib/python3/dist-packages/colcon_core/task/python/colcon_distutils_commands:/home/diego234/Esame/install/nmpc_node/lib/python3.10/site-packages:${PYTHONPATH} /usr/bin/python3 -W ignore:setup.py install is deprecated -W ignore:easy_install command is deprecated setup.py egg_info --egg-base ../../build/nmpc_node build --build-base /home/diego234/Esame/build/nmpc_node/build install --record /home/diego234/Esame/build/nmpc_node/install.log --single-version-externally-managed install_data
