[0.105s] DEBUG:colcon:Command line arguments: ['/usr/bin/colcon', 'build']
[0.105s] DEBUG:colcon:Parsed command line arguments: Namespace(log_base=None, log_level=None, verb_name='build', build_base='build', install_base='install', merge_install=False, symlink_install=False, test_result_base=None, continue_on_error=False, executor='parallel', parallel_workers=5, event_handlers=None, ignore_user_meta=False, metas=['./colcon.meta'], base_paths=['.'], packages_ignore=None, packages_ignore_regex=None, paths=None, packages_up_to=None, packages_up_to_regex=None, packages_above=None, packages_above_and_dependencies=None, packages_above_depth=None, packages_select_by_dep=None, packages_skip_by_dep=None, packages_skip_up_to=None, packages_select_build_failed=False, packages_skip_build_finished=False, packages_select_test_failures=False, packages_skip_test_passed=False, packages_select=None, packages_skip=None, packages_select_regex=None, packages_skip_regex=None, packages_start=None, packages_end=None, allow_overriding=[], cmake_args=None, cmake_target=None, cmake_target_skip_unavailable=False, cmake_clean_cache=False, cmake_clean_first=False, cmake_force_configure=False, ament_cmake_args=None, catkin_cmake_args=None, catkin_skip_building_tests=False, mixin_files=None, mixin=None, verb_parser=<colcon_mixin.mixin.mixin_argument.MixinArgumentDecorator object at 0x714c35e1f9d0>, verb_extension=<colcon_core.verb.build.BuildVerb object at 0x714c35ddd270>, main=<bound method BuildVerb.main of <colcon_core.verb.build.BuildVerb object at 0x714c35ddd270>>, mixin_verb=('build',))
[0.328s] Level 1:colcon.colcon_core.package_discovery:discover_packages(colcon_meta) check parameters
[0.328s] Level 1:colcon.colcon_core.package_discovery:discover_packages(recursive) check parameters
[0.328s] Level 1:colcon.colcon_core.package_discovery:discover_packages(ignore) check parameters
[0.328s] Level 1:colcon.colcon_core.package_discovery:discover_packages(path) check parameters
[0.328s] Level 1:colcon.colcon_core.package_discovery:discover_packages(colcon_meta) discover
[0.329s] Level 1:colcon.colcon_core.package_discovery:discover_packages(recursive) discover
[0.329s] INFO:colcon.colcon_core.package_discovery:Crawling recursively for packages in '/home/diego234/Esame'
[0.329s] Level 1:colcon.colcon_core.package_identification:_identify(.) by extensions ['ignore', 'ignore_ament_install']
[0.329s] Level 1:colcon.colcon_core.package_identification:_identify(.) by extension 'ignore'
[0.329s] Level 1:colcon.colcon_core.package_identification:_identify(.) by extension 'ignore_ament_install'
[0.329s] Level 1:colcon.colcon_core.package_identification:_identify(.) by extensions ['colcon_pkg']
[0.329s] Level 1:colcon.colcon_core.package_identification:_identify(.) by extension 'colcon_pkg'
[0.329s] Level 1:colcon.colcon_core.package_identification:_identify(.) by extensions ['colcon_meta']
[0.329s] Level 1:colcon.colcon_core.package_identification:_identify(.) by extension 'colcon_meta'
[0.329s] Level 1:colcon.colcon_core.package_identification:_identify(.) by extensions ['ros']
[0.329s] Level 1:colcon.colcon_core.package_identification:_identify(.) by extension 'ros'
[0.353s] Level 1:colcon.colcon_core.package_identification:_identify(.) by extensions ['cmake', 'python']
[0.353s] Level 1:colcon.colcon_core.package_identification:_identify(.) by extension 'cmake'
[0.353s] Level 1:colcon.colcon_core.package_identification:_identify(.) by extension 'python'
[0.353s] Level 1:colcon.colcon_core.package_identification:_identify(.) by extensions ['python_setup_py']
[0.353s] Level 1:colcon.colcon_core.package_identification:_identify(.) by extension 'python_setup_py'
[0.353s] Level 1:colcon.colcon_core.package_identification:_identify(build) by extensions ['ignore', 'ignore_ament_install']
[0.353s] Level 1:colcon.colcon_core.package_identification:_identify(build) by extension 'ignore'
[0.353s] Level 1:colcon.colcon_core.package_identification:_identify(build) ignored
[0.354s] Level 1:colcon.colcon_core.package_identification:_identify(install) by extensions ['ignore', 'ignore_ament_install']
[0.354s] Level 1:colcon.colcon_core.package_identification:_identify(install) by extension 'ignore'
[0.354s] Level 1:colcon.colcon_core.package_identification:_identify(install) ignored
[0.354s] Level 1:colcon.colcon_core.package_identification:_identify(log) by extensions ['ignore', 'ignore_ament_install']
[0.354s] Level 1:colcon.colcon_core.package_identification:_identify(log) by extension 'ignore'
[0.354s] Level 1:colcon.colcon_core.package_identification:_identify(log) ignored
[0.354s] Level 1:colcon.colcon_core.package_identification:_identify(src) by extensions ['ignore', 'ignore_ament_install']
[0.354s] Level 1:colcon.colcon_core.package_identification:_identify(src) by extension 'ignore'
[0.354s] Level 1:colcon.colcon_core.package_identification:_identify(src) by extension 'ignore_ament_install'
[0.354s] Level 1:colcon.colcon_core.package_identification:_identify(src) by extensions ['colcon_pkg']
[0.354s] Level 1:colcon.colcon_core.package_identification:_identify(src) by extension 'colcon_pkg'
[0.354s] Level 1:colcon.colcon_core.package_identification:_identify(src) by extensions ['colcon_meta']
[0.354s] Level 1:colcon.colcon_core.package_identification:_identify(src) by extension 'colcon_meta'
[0.354s] Level 1:colcon.colcon_core.package_identification:_identify(src) by extensions ['ros']
[0.354s] Level 1:colcon.colcon_core.package_identification:_identify(src) by extension 'ros'
[0.354s] Level 1:colcon.colcon_core.package_identification:_identify(src) by extensions ['cmake', 'python']
[0.354s] Level 1:colcon.colcon_core.package_identification:_identify(src) by extension 'cmake'
[0.355s] Level 1:colcon.colcon_core.package_identification:_identify(src) by extension 'python'
[0.355s] Level 1:colcon.colcon_core.package_identification:_identify(src) by extensions ['python_setup_py']
[0.355s] Level 1:colcon.colcon_core.package_identification:_identify(src) by extension 'python_setup_py'
[0.355s] Level 1:colcon.colcon_core.package_identification:_identify(src/lidar_node_new) by extensions ['ignore', 'ignore_ament_install']
[0.355s] Level 1:colcon.colcon_core.package_identification:_identify(src/lidar_node_new) by extension 'ignore'
[0.355s] Level 1:colcon.colcon_core.package_identification:_identify(src/lidar_node_new) by extension 'ignore_ament_install'
[0.355s] Level 1:colcon.colcon_core.package_identification:_identify(src/lidar_node_new) by extensions ['colcon_pkg']
[0.355s] Level 1:colcon.colcon_core.package_identification:_identify(src/lidar_node_new) by extension 'colcon_pkg'
[0.355s] Level 1:colcon.colcon_core.package_identification:_identify(src/lidar_node_new) by extensions ['colcon_meta']
[0.355s] Level 1:colcon.colcon_core.package_identification:_identify(src/lidar_node_new) by extension 'colcon_meta'
[0.355s] Level 1:colcon.colcon_core.package_identification:_identify(src/lidar_node_new) by extensions ['ros']
[0.355s] Level 1:colcon.colcon_core.package_identification:_identify(src/lidar_node_new) by extension 'ros'
[0.358s] DEBUG:colcon.colcon_core.package_identification:Package 'src/lidar_node_new' with type 'ros.ament_cmake' and name 'lidar_node_new'
[0.358s] Level 1:colcon.colcon_core.package_discovery:discover_packages(recursive) using defaults
[0.358s] Level 1:colcon.colcon_core.package_discovery:discover_packages(ignore) discover
[0.358s] Level 1:colcon.colcon_core.package_discovery:discover_packages(ignore) using defaults
[0.358s] Level 1:colcon.colcon_core.package_discovery:discover_packages(path) discover
[0.358s] Level 1:colcon.colcon_core.package_discovery:discover_packages(path) using defaults
[0.382s] Level 1:colcon.colcon_core.package_discovery:discover_packages(prefix_path) check parameters
[0.382s] Level 1:colcon.colcon_core.package_discovery:discover_packages(prefix_path) discover
[0.383s] WARNING:colcon.colcon_ros.prefix_path.ament:The path '/home/diego234/Esame/install/lidar_node_new' in the environment variable AMENT_PREFIX_PATH doesn't exist
[0.384s] WARNING:colcon.colcon_ros.prefix_path.catkin:The path '/home/diego234/Esame/install/lidar_node_new' in the environment variable CMAKE_PREFIX_PATH doesn't exist
[0.384s] DEBUG:colcon.colcon_installed_package_information.package_discovery:Found 0 installed packages in /home/diego234/Esame/install
[0.386s] DEBUG:colcon.colcon_installed_package_information.package_discovery:Found 386 installed packages in /opt/ros/humble
[0.388s] Level 1:colcon.colcon_core.package_discovery:discover_packages(prefix_path) using defaults
[0.469s] Level 5:colcon.colcon_core.verb:set package 'lidar_node_new' build argument 'cmake_args' from command line to 'None'
[0.469s] Level 5:colcon.colcon_core.verb:set package 'lidar_node_new' build argument 'cmake_target' from command line to 'None'
[0.469s] Level 5:colcon.colcon_core.verb:set package 'lidar_node_new' build argument 'cmake_target_skip_unavailable' from command line to 'False'
[0.469s] Level 5:colcon.colcon_core.verb:set package 'lidar_node_new' build argument 'cmake_clean_cache' from command line to 'False'
[0.469s] Level 5:colcon.colcon_core.verb:set package 'lidar_node_new' build argument 'cmake_clean_first' from command line to 'False'
[0.469s] Level 5:colcon.colcon_core.verb:set package 'lidar_node_new' build argument 'cmake_force_configure' from command line to 'False'
[0.469s] Level 5:colcon.colcon_core.verb:set package 'lidar_node_new' build argument 'ament_cmake_args' from command line to 'None'
[0.469s] Level 5:colcon.colcon_core.verb:set package 'lidar_node_new' build argument 'catkin_cmake_args' from command line to 'None'
[0.469s] Level 5:colcon.colcon_core.verb:set package 'lidar_node_new' build argument 'catkin_skip_building_tests' from command line to 'False'
[0.469s] DEBUG:colcon.colcon_core.verb:Building package 'lidar_node_new' with the following arguments: {'ament_cmake_args': None, 'build_base': '/home/diego234/Esame/build/lidar_node_new', 'catkin_cmake_args': None, 'catkin_skip_building_tests': False, 'cmake_args': None, 'cmake_clean_cache': False, 'cmake_clean_first': False, 'cmake_force_configure': False, 'cmake_target': None, 'cmake_target_skip_unavailable': False, 'install_base': '/home/diego234/Esame/install/lidar_node_new', 'merge_install': False, 'path': '/home/diego234/Esame/src/lidar_node_new', 'symlink_install': False, 'test_result_base': None}
[0.469s] INFO:colcon.colcon_core.executor:Executing jobs using 'parallel' executor
[0.473s] DEBUG:colcon.colcon_parallel_executor.executor.parallel:run_until_complete
[0.473s] INFO:colcon.colcon_ros.task.ament_cmake.build:Building ROS package in '/home/diego234/Esame/src/lidar_node_new' with build type 'ament_cmake'
[0.473s] INFO:colcon.colcon_cmake.task.cmake.build:Building CMake package in '/home/diego234/Esame/src/lidar_node_new'
[0.476s] INFO:colcon.colcon_core.plugin_system:Skipping extension 'colcon_core.shell.bat': Not used on non-Windows systems
[0.476s] INFO:colcon.colcon_core.shell:Skip shell extension 'powershell' for command environment: Not usable outside of PowerShell
[0.476s] DEBUG:colcon.colcon_core.shell:Skip shell extension 'dsv' for command environment
[0.489s] DEBUG:colcon.colcon_core.event_handler.log_command:Invoking command in '/home/diego234/Esame/build/lidar_node_new': CMAKE_PREFIX_PATH=${CMAKE_PREFIX_PATH}:/opt/ros/humble /usr/bin/cmake /home/diego234/Esame/src/lidar_node_new -DCMAKE_INSTALL_PREFIX=/home/diego234/Esame/install/lidar_node_new
[4.523s] DEBUG:colcon.colcon_core.event_handler.log_command:Invoked command in '/home/diego234/Esame/build/lidar_node_new' returned '0': CMAKE_PREFIX_PATH=${CMAKE_PREFIX_PATH}:/opt/ros/humble /usr/bin/cmake /home/diego234/Esame/src/lidar_node_new -DCMAKE_INSTALL_PREFIX=/home/diego234/Esame/install/lidar_node_new
[4.525s] DEBUG:colcon.colcon_core.event_handler.log_command:Invoking command in '/home/diego234/Esame/build/lidar_node_new': CMAKE_PREFIX_PATH=${CMAKE_PREFIX_PATH}:/opt/ros/humble /usr/bin/cmake --build /home/diego234/Esame/build/lidar_node_new -- -j5 -l5
[26.796s] DEBUG:colcon.colcon_core.event_handler.log_command:Invoked command in '/home/diego234/Esame/build/lidar_node_new' returned '0': CMAKE_PREFIX_PATH=${CMAKE_PREFIX_PATH}:/opt/ros/humble /usr/bin/cmake --build /home/diego234/Esame/build/lidar_node_new -- -j5 -l5
[26.804s] DEBUG:colcon.colcon_core.event_handler.log_command:Invoking command in '/home/diego234/Esame/build/lidar_node_new': CMAKE_PREFIX_PATH=${CMAKE_PREFIX_PATH}:/opt/ros/humble /usr/bin/cmake --install /home/diego234/Esame/build/lidar_node_new
[26.817s] Level 1:colcon.colcon_core.environment:create_environment_scripts_only(lidar_node_new)
[26.817s] DEBUG:colcon.colcon_core.event_handler.log_command:Invoked command in '/home/diego234/Esame/build/lidar_node_new' returned '0': CMAKE_PREFIX_PATH=${CMAKE_PREFIX_PATH}:/opt/ros/humble /usr/bin/cmake --install /home/diego234/Esame/build/lidar_node_new
[26.819s] Level 1:colcon.colcon_core.environment:checking '/home/diego234/Esame/install/lidar_node_new' for CMake module files
[26.819s] Level 1:colcon.colcon_core.environment:checking '/home/diego234/Esame/install/lidar_node_new' for CMake config files
[26.820s] Level 1:colcon.colcon_core.shell:create_environment_hook('lidar_node_new', 'cmake_prefix_path')
[26.820s] INFO:colcon.colcon_core.shell:Creating environment hook '/home/diego234/Esame/install/lidar_node_new/share/lidar_node_new/hook/cmake_prefix_path.ps1'
[26.820s] INFO:colcon.colcon_core.shell:Creating environment descriptor '/home/diego234/Esame/install/lidar_node_new/share/lidar_node_new/hook/cmake_prefix_path.dsv'
[26.821s] INFO:colcon.colcon_core.shell:Creating environment hook '/home/diego234/Esame/install/lidar_node_new/share/lidar_node_new/hook/cmake_prefix_path.sh'
[26.821s] Level 1:colcon.colcon_core.environment:checking '/home/diego234/Esame/install/lidar_node_new/lib'
[26.822s] Level 1:colcon.colcon_core.environment:checking '/home/diego234/Esame/install/lidar_node_new/bin'
[26.822s] Level 1:colcon.colcon_core.environment:checking '/home/diego234/Esame/install/lidar_node_new/lib/pkgconfig/lidar_node_new.pc'
[26.822s] Level 1:colcon.colcon_core.environment:checking '/home/diego234/Esame/install/lidar_node_new/lib/python3.10/site-packages'
[26.822s] Level 1:colcon.colcon_core.environment:checking '/home/diego234/Esame/install/lidar_node_new/bin'
[26.822s] INFO:colcon.colcon_core.shell:Creating package script '/home/diego234/Esame/install/lidar_node_new/share/lidar_node_new/package.ps1'
[26.823s] INFO:colcon.colcon_core.shell:Creating package descriptor '/home/diego234/Esame/install/lidar_node_new/share/lidar_node_new/package.dsv'
[26.823s] INFO:colcon.colcon_core.shell:Creating package script '/home/diego234/Esame/install/lidar_node_new/share/lidar_node_new/package.sh'
[26.824s] INFO:colcon.colcon_core.shell:Creating package script '/home/diego234/Esame/install/lidar_node_new/share/lidar_node_new/package.bash'
[26.825s] INFO:colcon.colcon_core.shell:Creating package script '/home/diego234/Esame/install/lidar_node_new/share/lidar_node_new/package.zsh'
[26.825s] Level 1:colcon.colcon_core.environment:create_file_with_runtime_dependencies(/home/diego234/Esame/install/lidar_node_new/share/colcon-core/packages/lidar_node_new)
[26.826s] Level 1:colcon.colcon_core.environment:create_environment_scripts_only(lidar_node_new)
[26.826s] Level 1:colcon.colcon_core.environment:checking '/home/diego234/Esame/install/lidar_node_new' for CMake module files
[26.826s] Level 1:colcon.colcon_core.environment:checking '/home/diego234/Esame/install/lidar_node_new' for CMake config files
[26.826s] Level 1:colcon.colcon_core.shell:create_environment_hook('lidar_node_new', 'cmake_prefix_path')
[26.826s] INFO:colcon.colcon_core.shell:Creating environment hook '/home/diego234/Esame/install/lidar_node_new/share/lidar_node_new/hook/cmake_prefix_path.ps1'
[26.827s] INFO:colcon.colcon_core.shell:Creating environment descriptor '/home/diego234/Esame/install/lidar_node_new/share/lidar_node_new/hook/cmake_prefix_path.dsv'
[26.827s] INFO:colcon.colcon_core.shell:Creating environment hook '/home/diego234/Esame/install/lidar_node_new/share/lidar_node_new/hook/cmake_prefix_path.sh'
[26.828s] Level 1:colcon.colcon_core.environment:checking '/home/diego234/Esame/install/lidar_node_new/lib'
[26.828s] Level 1:colcon.colcon_core.environment:checking '/home/diego234/Esame/install/lidar_node_new/bin'
[26.828s] Level 1:colcon.colcon_core.environment:checking '/home/diego234/Esame/install/lidar_node_new/lib/pkgconfig/lidar_node_new.pc'
[26.828s] Level 1:colcon.colcon_core.environment:checking '/home/diego234/Esame/install/lidar_node_new/lib/python3.10/site-packages'
[26.828s] Level 1:colcon.colcon_core.environment:checking '/home/diego234/Esame/install/lidar_node_new/bin'
[26.829s] INFO:colcon.colcon_core.shell:Creating package script '/home/diego234/Esame/install/lidar_node_new/share/lidar_node_new/package.ps1'
[26.829s] INFO:colcon.colcon_core.shell:Creating package descriptor '/home/diego234/Esame/install/lidar_node_new/share/lidar_node_new/package.dsv'
[26.830s] INFO:colcon.colcon_core.shell:Creating package script '/home/diego234/Esame/install/lidar_node_new/share/lidar_node_new/package.sh'
[26.830s] INFO:colcon.colcon_core.shell:Creating package script '/home/diego234/Esame/install/lidar_node_new/share/lidar_node_new/package.bash'
[26.831s] INFO:colcon.colcon_core.shell:Creating package script '/home/diego234/Esame/install/lidar_node_new/share/lidar_node_new/package.zsh'
[26.831s] Level 1:colcon.colcon_core.environment:create_file_with_runtime_dependencies(/home/diego234/Esame/install/lidar_node_new/share/colcon-core/packages/lidar_node_new)
[26.831s] DEBUG:colcon.colcon_parallel_executor.executor.parallel:closing loop
[26.832s] DEBUG:colcon.colcon_parallel_executor.executor.parallel:loop closed
[26.832s] DEBUG:colcon.colcon_parallel_executor.executor.parallel:run_until_complete finished with '0'
[26.832s] DEBUG:colcon.colcon_core.event_reactor:joining thread
[26.836s] INFO:colcon.colcon_core.plugin_system:Skipping extension 'colcon_notification.desktop_notification.terminal_notifier': Not used on non-Darwin systems
[26.836s] INFO:colcon.colcon_core.plugin_system:Skipping extension 'colcon_notification.desktop_notification.win32': Not used on non-Windows systems
[26.836s] INFO:colcon.colcon_notification.desktop_notification:Sending desktop notification using 'notify2'
[26.850s] DEBUG:colcon.colcon_core.event_reactor:joined thread
[26.851s] INFO:colcon.colcon_core.shell:Creating prefix script '/home/diego234/Esame/install/local_setup.ps1'
[26.852s] INFO:colcon.colcon_core.shell:Creating prefix util module '/home/diego234/Esame/install/_local_setup_util_ps1.py'
[26.853s] INFO:colcon.colcon_core.shell:Creating prefix chain script '/home/diego234/Esame/install/setup.ps1'
[26.854s] INFO:colcon.colcon_core.shell:Creating prefix script '/home/diego234/Esame/install/local_setup.sh'
[26.854s] INFO:colcon.colcon_core.shell:Creating prefix util module '/home/diego234/Esame/install/_local_setup_util_sh.py'
[26.855s] INFO:colcon.colcon_core.shell:Creating prefix chain script '/home/diego234/Esame/install/setup.sh'
[26.856s] INFO:colcon.colcon_core.shell:Creating prefix script '/home/diego234/Esame/install/local_setup.bash'
[26.857s] INFO:colcon.colcon_core.shell:Creating prefix chain script '/home/diego234/Esame/install/setup.bash'
[26.858s] INFO:colcon.colcon_core.shell:Creating prefix script '/home/diego234/Esame/install/local_setup.zsh'
[26.858s] INFO:colcon.colcon_core.shell:Creating prefix chain script '/home/diego234/Esame/install/setup.zsh'
