[35m[1mConsolidate compiler generated dependencies of target lidar_node_new[0m
[ 50%] [32mBuilding CXX object CMakeFiles/lidar_node_new.dir/src/lidar_node_new.cpp.o[0m
[01m[K/home/diego234/Esame/src/lidar_node_new/src/lidar_node_new.cpp:[m[K In function ‘[01m[Kpcl::PointCloud<pcl::PointXYZ>::Ptr detectCones(const std::vector<std::shared_ptr<pcl::PointCloud<pcl::PointXYZ> > >&, const Header&, rclcpp::Publisher<geometry_msgs::msg::PoseArray_<std::allocator<void> > >::SharedPtr)[m[K’:
[01m[K/home/diego234/Esame/src/lidar_node_new/src/lidar_node_new.cpp:300:14:[m[K [01;35m[Kwarning: [m[Kunused variable ‘[01m[Kvalid_size[m[K’ [[01;35m[K]8;;https://gcc.gnu.org/onlinedocs/gcc/Warning-Options.html#index-Wunused-variable-Wunused-variable]8;;[m[K]
  300 |         bool [01;35m[Kvalid_size[m[K =   (box.size.x() >= MIN_CONE_WIDTH && box.size.x()<= MAX_CONE_WIDTH ) &&
      |              [01;35m[K^~~~~~~~~~[m[K
[100%] [32m[1mLinking CXX executable lidar_node_new[0m
[100%] Built target lidar_node_new
-- Install configuration: ""
-- Installing: /home/diego234/Esame/install/lidar_node_new/lib/lidar_node_new/lidar_node_new
-- Set runtime path of "/home/diego234/Esame/install/lidar_node_new/lib/lidar_node_new/lidar_node_new" to ""
-- Up-to-date: /home/diego234/Esame/install/lidar_node_new/share/ament_index/resource_index/package_run_dependencies/lidar_node_new
-- Up-to-date: /home/diego234/Esame/install/lidar_node_new/share/ament_index/resource_index/parent_prefix_path/lidar_node_new
-- Up-to-date: /home/diego234/Esame/install/lidar_node_new/share/lidar_node_new/environment/ament_prefix_path.sh
-- Up-to-date: /home/diego234/Esame/install/lidar_node_new/share/lidar_node_new/environment/ament_prefix_path.dsv
-- Up-to-date: /home/diego234/Esame/install/lidar_node_new/share/lidar_node_new/environment/path.sh
-- Up-to-date: /home/diego234/Esame/install/lidar_node_new/share/lidar_node_new/environment/path.dsv
-- Up-to-date: /home/diego234/Esame/install/lidar_node_new/share/lidar_node_new/local_setup.bash
-- Up-to-date: /home/diego234/Esame/install/lidar_node_new/share/lidar_node_new/local_setup.sh
-- Up-to-date: /home/diego234/Esame/install/lidar_node_new/share/lidar_node_new/local_setup.zsh
-- Up-to-date: /home/diego234/Esame/install/lidar_node_new/share/lidar_node_new/local_setup.dsv
-- Installing: /home/diego234/Esame/install/lidar_node_new/share/lidar_node_new/package.dsv
-- Up-to-date: /home/diego234/Esame/install/lidar_node_new/share/ament_index/resource_index/packages/lidar_node_new
-- Up-to-date: /home/diego234/Esame/install/lidar_node_new/share/lidar_node_new/cmake/lidar_node_newConfig.cmake
-- Up-to-date: /home/diego234/Esame/install/lidar_node_new/share/lidar_node_new/cmake/lidar_node_newConfig-version.cmake
-- Up-to-date: /home/diego234/Esame/install/lidar_node_new/share/lidar_node_new/package.xml
