[0.178s] DEBUG:colcon:Command line arguments: ['/usr/bin/colcon', 'build', '--packages-select', 'nmpc_node']
[0.178s] DEBUG:colcon:Parsed command line arguments: Namespace(log_base=None, log_level=None, verb_name='build', build_base='build', install_base='install', merge_install=False, symlink_install=False, test_result_base=None, continue_on_error=False, executor='parallel', parallel_workers=5, event_handlers=None, ignore_user_meta=False, metas=['./colcon.meta'], base_paths=['.'], packages_ignore=None, packages_ignore_regex=None, paths=None, packages_up_to=None, packages_up_to_regex=None, packages_above=None, packages_above_and_dependencies=None, packages_above_depth=None, packages_select_by_dep=None, packages_skip_by_dep=None, packages_skip_up_to=None, packages_select_build_failed=False, packages_skip_build_finished=False, packages_select_test_failures=False, packages_skip_test_passed=False, packages_select=['nmpc_node'], packages_skip=None, packages_select_regex=None, packages_skip_regex=None, packages_start=None, packages_end=None, allow_overriding=[], cmake_args=None, cmake_target=None, cmake_target_skip_unavailable=False, cmake_clean_cache=False, cmake_clean_first=False, cmake_force_configure=False, ament_cmake_args=None, catkin_cmake_args=None, catkin_skip_building_tests=False, mixin_files=None, mixin=None, verb_parser=<colcon_mixin.mixin.mixin_argument.MixinArgumentDecorator object at 0x76b986d57d00>, verb_extension=<colcon_core.verb.build.BuildVerb object at 0x76b986d098d0>, main=<bound method BuildVerb.main of <colcon_core.verb.build.BuildVerb object at 0x76b986d098d0>>, mixin_verb=('build',))
[0.535s] Level 1:colcon.colcon_core.package_discovery:discover_packages(colcon_meta) check parameters
[0.535s] Level 1:colcon.colcon_core.package_discovery:discover_packages(recursive) check parameters
[0.535s] Level 1:colcon.colcon_core.package_discovery:discover_packages(ignore) check parameters
[0.535s] Level 1:colcon.colcon_core.package_discovery:discover_packages(path) check parameters
[0.535s] Level 1:colcon.colcon_core.package_discovery:discover_packages(colcon_meta) discover
[0.535s] Level 1:colcon.colcon_core.package_discovery:discover_packages(recursive) discover
[0.535s] INFO:colcon.colcon_core.package_discovery:Crawling recursively for packages in '/home/diego234/Esame'
[0.535s] Level 1:colcon.colcon_core.package_identification:_identify(.) by extensions ['ignore', 'ignore_ament_install']
[0.536s] Level 1:colcon.colcon_core.package_identification:_identify(.) by extension 'ignore'
[0.536s] Level 1:colcon.colcon_core.package_identification:_identify(.) by extension 'ignore_ament_install'
[0.536s] Level 1:colcon.colcon_core.package_identification:_identify(.) by extensions ['colcon_pkg']
[0.536s] Level 1:colcon.colcon_core.package_identification:_identify(.) by extension 'colcon_pkg'
[0.536s] Level 1:colcon.colcon_core.package_identification:_identify(.) by extensions ['colcon_meta']
[0.536s] Level 1:colcon.colcon_core.package_identification:_identify(.) by extension 'colcon_meta'
[0.536s] Level 1:colcon.colcon_core.package_identification:_identify(.) by extensions ['ros']
[0.536s] Level 1:colcon.colcon_core.package_identification:_identify(.) by extension 'ros'
[0.570s] Level 1:colcon.colcon_core.package_identification:_identify(.) by extensions ['cmake', 'python']
[0.570s] Level 1:colcon.colcon_core.package_identification:_identify(.) by extension 'cmake'
[0.570s] Level 1:colcon.colcon_core.package_identification:_identify(.) by extension 'python'
[0.570s] Level 1:colcon.colcon_core.package_identification:_identify(.) by extensions ['python_setup_py']
[0.570s] Level 1:colcon.colcon_core.package_identification:_identify(.) by extension 'python_setup_py'
[0.570s] Level 1:colcon.colcon_core.package_identification:_identify(build) by extensions ['ignore', 'ignore_ament_install']
[0.570s] Level 1:colcon.colcon_core.package_identification:_identify(build) by extension 'ignore'
[0.570s] Level 1:colcon.colcon_core.package_identification:_identify(build) ignored
[0.571s] Level 1:colcon.colcon_core.package_identification:_identify(install) by extensions ['ignore', 'ignore_ament_install']
[0.571s] Level 1:colcon.colcon_core.package_identification:_identify(install) by extension 'ignore'
[0.571s] Level 1:colcon.colcon_core.package_identification:_identify(install) ignored
[0.571s] Level 1:colcon.colcon_core.package_identification:_identify(log) by extensions ['ignore', 'ignore_ament_install']
[0.571s] Level 1:colcon.colcon_core.package_identification:_identify(log) by extension 'ignore'
[0.571s] Level 1:colcon.colcon_core.package_identification:_identify(log) ignored
[0.571s] Level 1:colcon.colcon_core.package_identification:_identify(src) by extensions ['ignore', 'ignore_ament_install']
[0.572s] Level 1:colcon.colcon_core.package_identification:_identify(src) by extension 'ignore'
[0.572s] Level 1:colcon.colcon_core.package_identification:_identify(src) by extension 'ignore_ament_install'
[0.572s] Level 1:colcon.colcon_core.package_identification:_identify(src) by extensions ['colcon_pkg']
[0.572s] Level 1:colcon.colcon_core.package_identification:_identify(src) by extension 'colcon_pkg'
[0.572s] Level 1:colcon.colcon_core.package_identification:_identify(src) by extensions ['colcon_meta']
[0.572s] Level 1:colcon.colcon_core.package_identification:_identify(src) by extension 'colcon_meta'
[0.572s] Level 1:colcon.colcon_core.package_identification:_identify(src) by extensions ['ros']
[0.572s] Level 1:colcon.colcon_core.package_identification:_identify(src) by extension 'ros'
[0.572s] Level 1:colcon.colcon_core.package_identification:_identify(src) by extensions ['cmake', 'python']
[0.572s] Level 1:colcon.colcon_core.package_identification:_identify(src) by extension 'cmake'
[0.572s] Level 1:colcon.colcon_core.package_identification:_identify(src) by extension 'python'
[0.572s] Level 1:colcon.colcon_core.package_identification:_identify(src) by extensions ['python_setup_py']
[0.572s] Level 1:colcon.colcon_core.package_identification:_identify(src) by extension 'python_setup_py'
[0.572s] Level 1:colcon.colcon_core.package_identification:_identify(src/lidar_node_new) by extensions ['ignore', 'ignore_ament_install']
[0.573s] Level 1:colcon.colcon_core.package_identification:_identify(src/lidar_node_new) by extension 'ignore'
[0.573s] Level 1:colcon.colcon_core.package_identification:_identify(src/lidar_node_new) by extension 'ignore_ament_install'
[0.573s] Level 1:colcon.colcon_core.package_identification:_identify(src/lidar_node_new) by extensions ['colcon_pkg']
[0.573s] Level 1:colcon.colcon_core.package_identification:_identify(src/lidar_node_new) by extension 'colcon_pkg'
[0.573s] Level 1:colcon.colcon_core.package_identification:_identify(src/lidar_node_new) by extensions ['colcon_meta']
[0.573s] Level 1:colcon.colcon_core.package_identification:_identify(src/lidar_node_new) by extension 'colcon_meta'
[0.573s] Level 1:colcon.colcon_core.package_identification:_identify(src/lidar_node_new) by extensions ['ros']
[0.573s] Level 1:colcon.colcon_core.package_identification:_identify(src/lidar_node_new) by extension 'ros'
[0.577s] DEBUG:colcon.colcon_core.package_identification:Package 'src/lidar_node_new' with type 'ros.ament_cmake' and name 'lidar_node_new'
[0.577s] Level 1:colcon.colcon_core.package_identification:_identify(src/nmpc_node) by extensions ['ignore', 'ignore_ament_install']
[0.577s] Level 1:colcon.colcon_core.package_identification:_identify(src/nmpc_node) by extension 'ignore'
[0.577s] Level 1:colcon.colcon_core.package_identification:_identify(src/nmpc_node) by extension 'ignore_ament_install'
[0.578s] Level 1:colcon.colcon_core.package_identification:_identify(src/nmpc_node) by extensions ['colcon_pkg']
[0.578s] Level 1:colcon.colcon_core.package_identification:_identify(src/nmpc_node) by extension 'colcon_pkg'
[0.578s] Level 1:colcon.colcon_core.package_identification:_identify(src/nmpc_node) by extensions ['colcon_meta']
[0.578s] Level 1:colcon.colcon_core.package_identification:_identify(src/nmpc_node) by extension 'colcon_meta'
[0.578s] Level 1:colcon.colcon_core.package_identification:_identify(src/nmpc_node) by extensions ['ros']
[0.578s] Level 1:colcon.colcon_core.package_identification:_identify(src/nmpc_node) by extension 'ros'
[0.579s] DEBUG:colcon.colcon_core.package_identification:Package 'src/nmpc_node' with type 'ros.ament_python' and name 'nmpc_node'
[0.579s] Level 1:colcon.colcon_core.package_discovery:discover_packages(recursive) using defaults
[0.579s] Level 1:colcon.colcon_core.package_discovery:discover_packages(ignore) discover
[0.579s] Level 1:colcon.colcon_core.package_discovery:discover_packages(ignore) using defaults
[0.579s] Level 1:colcon.colcon_core.package_discovery:discover_packages(path) discover
[0.579s] Level 1:colcon.colcon_core.package_discovery:discover_packages(path) using defaults
[0.616s] INFO:colcon.colcon_core.package_selection:Skipping not selected package 'lidar_node_new' in 'src/lidar_node_new'
[0.616s] Level 1:colcon.colcon_core.package_discovery:discover_packages(prefix_path) check parameters
[0.616s] Level 1:colcon.colcon_core.package_discovery:discover_packages(prefix_path) discover
[0.617s] WARNING:colcon.colcon_ros.prefix_path.ament:The path '/home/diego234/Esame/install/nmpc_apf_pkg' in the environment variable AMENT_PREFIX_PATH doesn't exist
[0.618s] DEBUG:colcon.colcon_installed_package_information.package_discovery:Found 2 installed packages in /home/diego234/Esame/install
[0.620s] DEBUG:colcon.colcon_installed_package_information.package_discovery:Found 386 installed packages in /opt/ros/humble
[0.622s] Level 1:colcon.colcon_core.package_discovery:discover_packages(prefix_path) using defaults
[0.712s] Level 5:colcon.colcon_core.verb:set package 'nmpc_node' build argument 'cmake_args' from command line to 'None'
[0.712s] Level 5:colcon.colcon_core.verb:set package 'nmpc_node' build argument 'cmake_target' from command line to 'None'
[0.712s] Level 5:colcon.colcon_core.verb:set package 'nmpc_node' build argument 'cmake_target_skip_unavailable' from command line to 'False'
[0.712s] Level 5:colcon.colcon_core.verb:set package 'nmpc_node' build argument 'cmake_clean_cache' from command line to 'False'
[0.712s] Level 5:colcon.colcon_core.verb:set package 'nmpc_node' build argument 'cmake_clean_first' from command line to 'False'
[0.712s] Level 5:colcon.colcon_core.verb:set package 'nmpc_node' build argument 'cmake_force_configure' from command line to 'False'
[0.712s] Level 5:colcon.colcon_core.verb:set package 'nmpc_node' build argument 'ament_cmake_args' from command line to 'None'
[0.712s] Level 5:colcon.colcon_core.verb:set package 'nmpc_node' build argument 'catkin_cmake_args' from command line to 'None'
[0.712s] Level 5:colcon.colcon_core.verb:set package 'nmpc_node' build argument 'catkin_skip_building_tests' from command line to 'False'
[0.712s] DEBUG:colcon.colcon_core.verb:Building package 'nmpc_node' with the following arguments: {'ament_cmake_args': None, 'build_base': '/home/diego234/Esame/build/nmpc_node', 'catkin_cmake_args': None, 'catkin_skip_building_tests': False, 'cmake_args': None, 'cmake_clean_cache': False, 'cmake_clean_first': False, 'cmake_force_configure': False, 'cmake_target': None, 'cmake_target_skip_unavailable': False, 'install_base': '/home/diego234/Esame/install/nmpc_node', 'merge_install': False, 'path': '/home/diego234/Esame/src/nmpc_node', 'symlink_install': False, 'test_result_base': None}
[0.713s] INFO:colcon.colcon_core.executor:Executing jobs using 'parallel' executor
[0.714s] DEBUG:colcon.colcon_parallel_executor.executor.parallel:run_until_complete
[0.714s] INFO:colcon.colcon_ros.task.ament_python.build:Building ROS package in '/home/diego234/Esame/src/nmpc_node' with build type 'ament_python'
[0.714s] Level 1:colcon.colcon_core.shell:create_environment_hook('nmpc_node', 'ament_prefix_path')
[0.717s] INFO:colcon.colcon_core.plugin_system:Skipping extension 'colcon_core.shell.bat': Not used on non-Windows systems
[0.717s] INFO:colcon.colcon_core.shell:Creating environment hook '/home/diego234/Esame/install/nmpc_node/share/nmpc_node/hook/ament_prefix_path.ps1'
[0.718s] INFO:colcon.colcon_core.shell:Creating environment descriptor '/home/diego234/Esame/install/nmpc_node/share/nmpc_node/hook/ament_prefix_path.dsv'
[0.719s] INFO:colcon.colcon_core.shell:Creating environment hook '/home/diego234/Esame/install/nmpc_node/share/nmpc_node/hook/ament_prefix_path.sh'
[0.720s] INFO:colcon.colcon_core.shell:Skip shell extension 'powershell' for command environment: Not usable outside of PowerShell
[0.720s] DEBUG:colcon.colcon_core.shell:Skip shell extension 'dsv' for command environment
[1.313s] INFO:colcon.colcon_core.task.python.build:Building Python package in '/home/diego234/Esame/src/nmpc_node'
[1.314s] INFO:colcon.colcon_core.shell:Skip shell extension 'powershell' for command environment: Not usable outside of PowerShell
[1.314s] DEBUG:colcon.colcon_core.shell:Skip shell extension 'dsv' for command environment
[2.219s] DEBUG:colcon.colcon_core.event_handler.log_command:Invoking command in '/home/diego234/Esame/src/nmpc_node': PYTHONPATH=/home/diego234/Esame/build/nmpc_node/prefix_override:/usr/lib/python3/dist-packages/colcon_core/task/python/colcon_distutils_commands:/home/diego234/Esame/install/nmpc_node/lib/python3.10/site-packages:${PYTHONPATH} /usr/bin/python3 -W ignore:setup.py install is deprecated -W ignore:easy_install command is deprecated setup.py egg_info --egg-base ../../build/nmpc_node build --build-base /home/diego234/Esame/build/nmpc_node/build install --record /home/diego234/Esame/build/nmpc_node/install.log --single-version-externally-managed install_data
[2.788s] DEBUG:colcon.colcon_core.event_handler.log_command:Invoked command in '/home/diego234/Esame/src/nmpc_node' returned '0': PYTHONPATH=/home/diego234/Esame/build/nmpc_node/prefix_override:/usr/lib/python3/dist-packages/colcon_core/task/python/colcon_distutils_commands:/home/diego234/Esame/install/nmpc_node/lib/python3.10/site-packages:${PYTHONPATH} /usr/bin/python3 -W ignore:setup.py install is deprecated -W ignore:easy_install command is deprecated setup.py egg_info --egg-base ../../build/nmpc_node build --build-base /home/diego234/Esame/build/nmpc_node/build install --record /home/diego234/Esame/build/nmpc_node/install.log --single-version-externally-managed install_data
[2.792s] Level 1:colcon.colcon_core.environment:checking '/home/diego234/Esame/install/nmpc_node' for CMake module files
[2.793s] Level 1:colcon.colcon_core.environment:checking '/home/diego234/Esame/install/nmpc_node' for CMake config files
[2.794s] Level 1:colcon.colcon_core.environment:checking '/home/diego234/Esame/install/nmpc_node/lib'
[2.795s] Level 1:colcon.colcon_core.environment:checking '/home/diego234/Esame/install/nmpc_node/bin'
[2.795s] Level 1:colcon.colcon_core.environment:checking '/home/diego234/Esame/install/nmpc_node/lib/pkgconfig/nmpc_node.pc'
[2.795s] Level 1:colcon.colcon_core.environment:checking '/home/diego234/Esame/install/nmpc_node/lib/python3.10/site-packages'
[2.795s] Level 1:colcon.colcon_core.shell:create_environment_hook('nmpc_node', 'pythonpath')
[2.796s] INFO:colcon.colcon_core.shell:Creating environment hook '/home/diego234/Esame/install/nmpc_node/share/nmpc_node/hook/pythonpath.ps1'
[2.796s] INFO:colcon.colcon_core.shell:Creating environment descriptor '/home/diego234/Esame/install/nmpc_node/share/nmpc_node/hook/pythonpath.dsv'
[2.797s] INFO:colcon.colcon_core.shell:Creating environment hook '/home/diego234/Esame/install/nmpc_node/share/nmpc_node/hook/pythonpath.sh'
[2.798s] Level 1:colcon.colcon_core.environment:checking '/home/diego234/Esame/install/nmpc_node/bin'
[2.798s] Level 1:colcon.colcon_core.environment:create_environment_scripts_only(nmpc_node)
[2.798s] INFO:colcon.colcon_core.shell:Creating package script '/home/diego234/Esame/install/nmpc_node/share/nmpc_node/package.ps1'
[2.799s] INFO:colcon.colcon_core.shell:Creating package descriptor '/home/diego234/Esame/install/nmpc_node/share/nmpc_node/package.dsv'
[2.800s] INFO:colcon.colcon_core.shell:Creating package script '/home/diego234/Esame/install/nmpc_node/share/nmpc_node/package.sh'
[2.801s] INFO:colcon.colcon_core.shell:Creating package script '/home/diego234/Esame/install/nmpc_node/share/nmpc_node/package.bash'
[2.802s] INFO:colcon.colcon_core.shell:Creating package script '/home/diego234/Esame/install/nmpc_node/share/nmpc_node/package.zsh'
[2.803s] Level 1:colcon.colcon_core.environment:create_file_with_runtime_dependencies(/home/diego234/Esame/install/nmpc_node/share/colcon-core/packages/nmpc_node)
[2.803s] DEBUG:colcon.colcon_parallel_executor.executor.parallel:closing loop
[2.804s] DEBUG:colcon.colcon_parallel_executor.executor.parallel:loop closed
[2.804s] DEBUG:colcon.colcon_parallel_executor.executor.parallel:run_until_complete finished with '0'
[2.804s] DEBUG:colcon.colcon_core.event_reactor:joining thread
[2.812s] INFO:colcon.colcon_core.plugin_system:Skipping extension 'colcon_notification.desktop_notification.terminal_notifier': Not used on non-Darwin systems
[2.813s] INFO:colcon.colcon_core.plugin_system:Skipping extension 'colcon_notification.desktop_notification.win32': Not used on non-Windows systems
[2.813s] INFO:colcon.colcon_notification.desktop_notification:Sending desktop notification using 'notify2'
[2.847s] DEBUG:colcon.colcon_core.event_reactor:joined thread
[2.848s] INFO:colcon.colcon_core.shell:Creating prefix script '/home/diego234/Esame/install/local_setup.ps1'
[2.849s] INFO:colcon.colcon_core.shell:Creating prefix util module '/home/diego234/Esame/install/_local_setup_util_ps1.py'
[2.851s] INFO:colcon.colcon_core.shell:Creating prefix chain script '/home/diego234/Esame/install/setup.ps1'
[2.853s] INFO:colcon.colcon_core.shell:Creating prefix script '/home/diego234/Esame/install/local_setup.sh'
[2.854s] INFO:colcon.colcon_core.shell:Creating prefix util module '/home/diego234/Esame/install/_local_setup_util_sh.py'
[2.855s] INFO:colcon.colcon_core.shell:Creating prefix chain script '/home/diego234/Esame/install/setup.sh'
[2.856s] INFO:colcon.colcon_core.shell:Creating prefix script '/home/diego234/Esame/install/local_setup.bash'
[2.861s] INFO:colcon.colcon_core.shell:Creating prefix chain script '/home/diego234/Esame/install/setup.bash'
[2.863s] INFO:colcon.colcon_core.shell:Creating prefix script '/home/diego234/Esame/install/local_setup.zsh'
[2.864s] INFO:colcon.colcon_core.shell:Creating prefix chain script '/home/diego234/Esame/install/setup.zsh'
