[0.300s] DEBUG:colcon:Command line arguments: ['/usr/bin/colcon', 'build']
[0.301s] DEBUG:colcon:Parsed command line arguments: Namespace(log_base=None, log_level=None, verb_name='build', build_base='build', install_base='install', merge_install=False, symlink_install=False, test_result_base=None, continue_on_error=False, executor='parallel', parallel_workers=5, event_handlers=None, ignore_user_meta=False, metas=['./colcon.meta'], base_paths=['.'], packages_ignore=None, packages_ignore_regex=None, paths=None, packages_up_to=None, packages_up_to_regex=None, packages_above=None, packages_above_and_dependencies=None, packages_above_depth=None, packages_select_by_dep=None, packages_skip_by_dep=None, packages_skip_up_to=None, packages_select_build_failed=False, packages_skip_build_finished=False, packages_select_test_failures=False, packages_skip_test_passed=False, packages_select=None, packages_skip=None, packages_select_regex=None, packages_skip_regex=None, packages_start=None, packages_end=None, allow_overriding=[], cmake_args=None, cmake_target=None, cmake_target_skip_unavailable=False, cmake_clean_cache=False, cmake_clean_first=False, cmake_force_configure=False, ament_cmake_args=None, catkin_cmake_args=None, catkin_skip_building_tests=False, mixin_files=None, mixin=None, verb_parser=<colcon_mixin.mixin.mixin_argument.MixinArgumentDecorator object at 0x75d654d57970>, verb_extension=<colcon_core.verb.build.BuildVerb object at 0x75d654d11210>, main=<bound method BuildVerb.main of <colcon_core.verb.build.BuildVerb object at 0x75d654d11210>>, mixin_verb=('build',))
[1.009s] Level 1:colcon.colcon_core.package_discovery:discover_packages(colcon_meta) check parameters
[1.010s] Level 1:colcon.colcon_core.package_discovery:discover_packages(recursive) check parameters
[1.010s] Level 1:colcon.colcon_core.package_discovery:discover_packages(ignore) check parameters
[1.010s] Level 1:colcon.colcon_core.package_discovery:discover_packages(path) check parameters
[1.010s] Level 1:colcon.colcon_core.package_discovery:discover_packages(colcon_meta) discover
[1.011s] Level 1:colcon.colcon_core.package_discovery:discover_packages(recursive) discover
[1.011s] INFO:colcon.colcon_core.package_discovery:Crawling recursively for packages in '/home/diego234/Esame'
[1.011s] Level 1:colcon.colcon_core.package_identification:_identify(.) by extensions ['ignore', 'ignore_ament_install']
[1.011s] Level 1:colcon.colcon_core.package_identification:_identify(.) by extension 'ignore'
[1.012s] Level 1:colcon.colcon_core.package_identification:_identify(.) by extension 'ignore_ament_install'
[1.012s] Level 1:colcon.colcon_core.package_identification:_identify(.) by extensions ['colcon_pkg']
[1.012s] Level 1:colcon.colcon_core.package_identification:_identify(.) by extension 'colcon_pkg'
[1.013s] Level 1:colcon.colcon_core.package_identification:_identify(.) by extensions ['colcon_meta']
[1.014s] Level 1:colcon.colcon_core.package_identification:_identify(.) by extension 'colcon_meta'
[1.015s] Level 1:colcon.colcon_core.package_identification:_identify(.) by extensions ['ros']
[1.015s] Level 1:colcon.colcon_core.package_identification:_identify(.) by extension 'ros'
[1.075s] Level 1:colcon.colcon_core.package_identification:_identify(.) by extensions ['cmake', 'python']
[1.075s] Level 1:colcon.colcon_core.package_identification:_identify(.) by extension 'cmake'
[1.075s] Level 1:colcon.colcon_core.package_identification:_identify(.) by extension 'python'
[1.075s] Level 1:colcon.colcon_core.package_identification:_identify(.) by extensions ['python_setup_py']
[1.075s] Level 1:colcon.colcon_core.package_identification:_identify(.) by extension 'python_setup_py'
[1.076s] Level 1:colcon.colcon_core.package_identification:_identify(build) by extensions ['ignore', 'ignore_ament_install']
[1.077s] Level 1:colcon.colcon_core.package_identification:_identify(build) by extension 'ignore'
[1.077s] Level 1:colcon.colcon_core.package_identification:_identify(build) ignored
[1.077s] Level 1:colcon.colcon_core.package_identification:_identify(install) by extensions ['ignore', 'ignore_ament_install']
[1.078s] Level 1:colcon.colcon_core.package_identification:_identify(install) by extension 'ignore'
[1.078s] Level 1:colcon.colcon_core.package_identification:_identify(install) ignored
[1.078s] Level 1:colcon.colcon_core.package_identification:_identify(log) by extensions ['ignore', 'ignore_ament_install']
[1.078s] Level 1:colcon.colcon_core.package_identification:_identify(log) by extension 'ignore'
[1.078s] Level 1:colcon.colcon_core.package_identification:_identify(log) ignored
[1.078s] Level 1:colcon.colcon_core.package_identification:_identify(src) by extensions ['ignore', 'ignore_ament_install']
[1.078s] Level 1:colcon.colcon_core.package_identification:_identify(src) by extension 'ignore'
[1.078s] Level 1:colcon.colcon_core.package_identification:_identify(src) by extension 'ignore_ament_install'
[1.079s] Level 1:colcon.colcon_core.package_identification:_identify(src) by extensions ['colcon_pkg']
[1.079s] Level 1:colcon.colcon_core.package_identification:_identify(src) by extension 'colcon_pkg'
[1.079s] Level 1:colcon.colcon_core.package_identification:_identify(src) by extensions ['colcon_meta']
[1.079s] Level 1:colcon.colcon_core.package_identification:_identify(src) by extension 'colcon_meta'
[1.079s] Level 1:colcon.colcon_core.package_identification:_identify(src) by extensions ['ros']
[1.079s] Level 1:colcon.colcon_core.package_identification:_identify(src) by extension 'ros'
[1.079s] Level 1:colcon.colcon_core.package_identification:_identify(src) by extensions ['cmake', 'python']
[1.079s] Level 1:colcon.colcon_core.package_identification:_identify(src) by extension 'cmake'
[1.079s] Level 1:colcon.colcon_core.package_identification:_identify(src) by extension 'python'
[1.079s] Level 1:colcon.colcon_core.package_identification:_identify(src) by extensions ['python_setup_py']
[1.080s] Level 1:colcon.colcon_core.package_identification:_identify(src) by extension 'python_setup_py'
[1.080s] Level 1:colcon.colcon_core.package_identification:_identify(src/lidar_node_new) by extensions ['ignore', 'ignore_ament_install']
[1.080s] Level 1:colcon.colcon_core.package_identification:_identify(src/lidar_node_new) by extension 'ignore'
[1.081s] Level 1:colcon.colcon_core.package_identification:_identify(src/lidar_node_new) by extension 'ignore_ament_install'
[1.081s] Level 1:colcon.colcon_core.package_identification:_identify(src/lidar_node_new) by extensions ['colcon_pkg']
[1.081s] Level 1:colcon.colcon_core.package_identification:_identify(src/lidar_node_new) by extension 'colcon_pkg'
[1.081s] Level 1:colcon.colcon_core.package_identification:_identify(src/lidar_node_new) by extensions ['colcon_meta']
[1.081s] Level 1:colcon.colcon_core.package_identification:_identify(src/lidar_node_new) by extension 'colcon_meta'
[1.081s] Level 1:colcon.colcon_core.package_identification:_identify(src/lidar_node_new) by extensions ['ros']
[1.081s] Level 1:colcon.colcon_core.package_identification:_identify(src/lidar_node_new) by extension 'ros'
[1.087s] DEBUG:colcon.colcon_core.package_identification:Package 'src/lidar_node_new' with type 'ros.ament_cmake' and name 'lidar_node_new'
[1.087s] Level 1:colcon.colcon_core.package_discovery:discover_packages(recursive) using defaults
[1.087s] Level 1:colcon.colcon_core.package_discovery:discover_packages(ignore) discover
[1.087s] Level 1:colcon.colcon_core.package_discovery:discover_packages(ignore) using defaults
[1.087s] Level 1:colcon.colcon_core.package_discovery:discover_packages(path) discover
[1.087s] Level 1:colcon.colcon_core.package_discovery:discover_packages(path) using defaults
[1.140s] Level 1:colcon.colcon_core.package_discovery:discover_packages(prefix_path) check parameters
[1.140s] Level 1:colcon.colcon_core.package_discovery:discover_packages(prefix_path) discover
[1.144s] DEBUG:colcon.colcon_installed_package_information.package_discovery:Found 1 installed packages in /home/diego234/Esame/install
[1.148s] DEBUG:colcon.colcon_installed_package_information.package_discovery:Found 386 installed packages in /opt/ros/humble
[1.153s] Level 1:colcon.colcon_core.package_discovery:discover_packages(prefix_path) using defaults
[1.298s] Level 5:colcon.colcon_core.verb:set package 'lidar_node_new' build argument 'cmake_args' from command line to 'None'
[1.298s] Level 5:colcon.colcon_core.verb:set package 'lidar_node_new' build argument 'cmake_target' from command line to 'None'
[1.298s] Level 5:colcon.colcon_core.verb:set package 'lidar_node_new' build argument 'cmake_target_skip_unavailable' from command line to 'False'
[1.298s] Level 5:colcon.colcon_core.verb:set package 'lidar_node_new' build argument 'cmake_clean_cache' from command line to 'False'
[1.298s] Level 5:colcon.colcon_core.verb:set package 'lidar_node_new' build argument 'cmake_clean_first' from command line to 'False'
[1.298s] Level 5:colcon.colcon_core.verb:set package 'lidar_node_new' build argument 'cmake_force_configure' from command line to 'False'
[1.298s] Level 5:colcon.colcon_core.verb:set package 'lidar_node_new' build argument 'ament_cmake_args' from command line to 'None'
[1.298s] Level 5:colcon.colcon_core.verb:set package 'lidar_node_new' build argument 'catkin_cmake_args' from command line to 'None'
[1.299s] Level 5:colcon.colcon_core.verb:set package 'lidar_node_new' build argument 'catkin_skip_building_tests' from command line to 'False'
[1.299s] DEBUG:colcon.colcon_core.verb:Building package 'lidar_node_new' with the following arguments: {'ament_cmake_args': None, 'build_base': '/home/diego234/Esame/build/lidar_node_new', 'catkin_cmake_args': None, 'catkin_skip_building_tests': False, 'cmake_args': None, 'cmake_clean_cache': False, 'cmake_clean_first': False, 'cmake_force_configure': False, 'cmake_target': None, 'cmake_target_skip_unavailable': False, 'install_base': '/home/diego234/Esame/install/lidar_node_new', 'merge_install': False, 'path': '/home/diego234/Esame/src/lidar_node_new', 'symlink_install': False, 'test_result_base': None}
[1.299s] INFO:colcon.colcon_core.executor:Executing jobs using 'parallel' executor
[1.301s] DEBUG:colcon.colcon_parallel_executor.executor.parallel:run_until_complete
[1.301s] INFO:colcon.colcon_ros.task.ament_cmake.build:Building ROS package in '/home/diego234/Esame/src/lidar_node_new' with build type 'ament_cmake'
[1.302s] INFO:colcon.colcon_cmake.task.cmake.build:Building CMake package in '/home/diego234/Esame/src/lidar_node_new'
[1.305s] INFO:colcon.colcon_core.plugin_system:Skipping extension 'colcon_core.shell.bat': Not used on non-Windows systems
[1.305s] INFO:colcon.colcon_core.shell:Skip shell extension 'powershell' for command environment: Not usable outside of PowerShell
[1.305s] DEBUG:colcon.colcon_core.shell:Skip shell extension 'dsv' for command environment
[1.332s] DEBUG:colcon.colcon_core.event_handler.log_command:Invoking command in '/home/diego234/Esame/build/lidar_node_new': CMAKE_PREFIX_PATH=${CMAKE_PREFIX_PATH}:/opt/ros/humble /usr/bin/cmake --build /home/diego234/Esame/build/lidar_node_new -- -j5 -l5
[40.072s] DEBUG:colcon.colcon_core.event_handler.log_command:Invoked command in '/home/diego234/Esame/build/lidar_node_new' returned '0': CMAKE_PREFIX_PATH=${CMAKE_PREFIX_PATH}:/opt/ros/humble /usr/bin/cmake --build /home/diego234/Esame/build/lidar_node_new -- -j5 -l5
[40.087s] DEBUG:colcon.colcon_core.event_handler.log_command:Invoking command in '/home/diego234/Esame/build/lidar_node_new': CMAKE_PREFIX_PATH=${CMAKE_PREFIX_PATH}:/opt/ros/humble /usr/bin/cmake --install /home/diego234/Esame/build/lidar_node_new
[40.106s] Level 1:colcon.colcon_core.environment:create_environment_scripts_only(lidar_node_new)
[40.110s] DEBUG:colcon.colcon_core.event_handler.log_command:Invoked command in '/home/diego234/Esame/build/lidar_node_new' returned '0': CMAKE_PREFIX_PATH=${CMAKE_PREFIX_PATH}:/opt/ros/humble /usr/bin/cmake --install /home/diego234/Esame/build/lidar_node_new
[40.114s] Level 1:colcon.colcon_core.environment:checking '/home/diego234/Esame/install/lidar_node_new' for CMake module files
[40.114s] Level 1:colcon.colcon_core.environment:checking '/home/diego234/Esame/install/lidar_node_new' for CMake config files
[40.115s] Level 1:colcon.colcon_core.shell:create_environment_hook('lidar_node_new', 'cmake_prefix_path')
[40.115s] INFO:colcon.colcon_core.shell:Creating environment hook '/home/diego234/Esame/install/lidar_node_new/share/lidar_node_new/hook/cmake_prefix_path.ps1'
[40.119s] INFO:colcon.colcon_core.shell:Creating environment descriptor '/home/diego234/Esame/install/lidar_node_new/share/lidar_node_new/hook/cmake_prefix_path.dsv'
[40.120s] INFO:colcon.colcon_core.shell:Creating environment hook '/home/diego234/Esame/install/lidar_node_new/share/lidar_node_new/hook/cmake_prefix_path.sh'
[40.122s] Level 1:colcon.colcon_core.environment:checking '/home/diego234/Esame/install/lidar_node_new/lib'
[40.124s] Level 1:colcon.colcon_core.environment:checking '/home/diego234/Esame/install/lidar_node_new/bin'
[40.125s] Level 1:colcon.colcon_core.environment:checking '/home/diego234/Esame/install/lidar_node_new/lib/pkgconfig/lidar_node_new.pc'
[40.125s] Level 1:colcon.colcon_core.environment:checking '/home/diego234/Esame/install/lidar_node_new/lib/python3.10/site-packages'
[40.125s] Level 1:colcon.colcon_core.environment:checking '/home/diego234/Esame/install/lidar_node_new/bin'
[40.126s] INFO:colcon.colcon_core.shell:Creating package script '/home/diego234/Esame/install/lidar_node_new/share/lidar_node_new/package.ps1'
[40.127s] INFO:colcon.colcon_core.shell:Creating package descriptor '/home/diego234/Esame/install/lidar_node_new/share/lidar_node_new/package.dsv'
[40.128s] INFO:colcon.colcon_core.shell:Creating package script '/home/diego234/Esame/install/lidar_node_new/share/lidar_node_new/package.sh'
[40.131s] INFO:colcon.colcon_core.shell:Creating package script '/home/diego234/Esame/install/lidar_node_new/share/lidar_node_new/package.bash'
[40.133s] INFO:colcon.colcon_core.shell:Creating package script '/home/diego234/Esame/install/lidar_node_new/share/lidar_node_new/package.zsh'
[40.137s] Level 1:colcon.colcon_core.environment:create_file_with_runtime_dependencies(/home/diego234/Esame/install/lidar_node_new/share/colcon-core/packages/lidar_node_new)
[40.138s] Level 1:colcon.colcon_core.environment:create_environment_scripts_only(lidar_node_new)
[40.139s] Level 1:colcon.colcon_core.environment:checking '/home/diego234/Esame/install/lidar_node_new' for CMake module files
[40.140s] Level 1:colcon.colcon_core.environment:checking '/home/diego234/Esame/install/lidar_node_new' for CMake config files
[40.141s] Level 1:colcon.colcon_core.shell:create_environment_hook('lidar_node_new', 'cmake_prefix_path')
[40.141s] INFO:colcon.colcon_core.shell:Creating environment hook '/home/diego234/Esame/install/lidar_node_new/share/lidar_node_new/hook/cmake_prefix_path.ps1'
[40.143s] INFO:colcon.colcon_core.shell:Creating environment descriptor '/home/diego234/Esame/install/lidar_node_new/share/lidar_node_new/hook/cmake_prefix_path.dsv'
[40.145s] INFO:colcon.colcon_core.shell:Creating environment hook '/home/diego234/Esame/install/lidar_node_new/share/lidar_node_new/hook/cmake_prefix_path.sh'
[40.146s] Level 1:colcon.colcon_core.environment:checking '/home/diego234/Esame/install/lidar_node_new/lib'
[40.147s] Level 1:colcon.colcon_core.environment:checking '/home/diego234/Esame/install/lidar_node_new/bin'
[40.147s] Level 1:colcon.colcon_core.environment:checking '/home/diego234/Esame/install/lidar_node_new/lib/pkgconfig/lidar_node_new.pc'
[40.147s] Level 1:colcon.colcon_core.environment:checking '/home/diego234/Esame/install/lidar_node_new/lib/python3.10/site-packages'
[40.147s] Level 1:colcon.colcon_core.environment:checking '/home/diego234/Esame/install/lidar_node_new/bin'
[40.148s] INFO:colcon.colcon_core.shell:Creating package script '/home/diego234/Esame/install/lidar_node_new/share/lidar_node_new/package.ps1'
[40.149s] INFO:colcon.colcon_core.shell:Creating package descriptor '/home/diego234/Esame/install/lidar_node_new/share/lidar_node_new/package.dsv'
[40.150s] INFO:colcon.colcon_core.shell:Creating package script '/home/diego234/Esame/install/lidar_node_new/share/lidar_node_new/package.sh'
[40.151s] INFO:colcon.colcon_core.shell:Creating package script '/home/diego234/Esame/install/lidar_node_new/share/lidar_node_new/package.bash'
[40.152s] INFO:colcon.colcon_core.shell:Creating package script '/home/diego234/Esame/install/lidar_node_new/share/lidar_node_new/package.zsh'
[40.153s] Level 1:colcon.colcon_core.environment:create_file_with_runtime_dependencies(/home/diego234/Esame/install/lidar_node_new/share/colcon-core/packages/lidar_node_new)
[40.153s] DEBUG:colcon.colcon_parallel_executor.executor.parallel:closing loop
[40.154s] DEBUG:colcon.colcon_parallel_executor.executor.parallel:loop closed
[40.154s] DEBUG:colcon.colcon_parallel_executor.executor.parallel:run_until_complete finished with '0'
[40.155s] DEBUG:colcon.colcon_core.event_reactor:joining thread
[40.163s] INFO:colcon.colcon_core.plugin_system:Skipping extension 'colcon_notification.desktop_notification.terminal_notifier': Not used on non-Darwin systems
[40.163s] INFO:colcon.colcon_core.plugin_system:Skipping extension 'colcon_notification.desktop_notification.win32': Not used on non-Windows systems
[40.163s] INFO:colcon.colcon_notification.desktop_notification:Sending desktop notification using 'notify2'
[40.190s] DEBUG:colcon.colcon_core.event_reactor:joined thread
[40.190s] INFO:colcon.colcon_core.shell:Creating prefix script '/home/diego234/Esame/install/local_setup.ps1'
[40.192s] INFO:colcon.colcon_core.shell:Creating prefix util module '/home/diego234/Esame/install/_local_setup_util_ps1.py'
[40.194s] INFO:colcon.colcon_core.shell:Creating prefix chain script '/home/diego234/Esame/install/setup.ps1'
[40.196s] INFO:colcon.colcon_core.shell:Creating prefix script '/home/diego234/Esame/install/local_setup.sh'
[40.197s] INFO:colcon.colcon_core.shell:Creating prefix util module '/home/diego234/Esame/install/_local_setup_util_sh.py'
[40.197s] INFO:colcon.colcon_core.shell:Creating prefix chain script '/home/diego234/Esame/install/setup.sh'
[40.199s] INFO:colcon.colcon_core.shell:Creating prefix script '/home/diego234/Esame/install/local_setup.bash'
[40.208s] INFO:colcon.colcon_core.shell:Creating prefix chain script '/home/diego234/Esame/install/setup.bash'
[40.210s] INFO:colcon.colcon_core.shell:Creating prefix script '/home/diego234/Esame/install/local_setup.zsh'
[40.211s] INFO:colcon.colcon_core.shell:Creating prefix chain script '/home/diego234/Esame/install/setup.zsh'
