[0.224s] DEBUG:colcon:Command line arguments: ['/usr/bin/colcon', 'build', '--packages-select', 'lidar_node_new']
[0.224s] DEBUG:colcon:Parsed command line arguments: Namespace(log_base=None, log_level=None, verb_name='build', build_base='build', install_base='install', merge_install=False, symlink_install=False, test_result_base=None, continue_on_error=False, executor='parallel', parallel_workers=5, event_handlers=None, ignore_user_meta=False, metas=['./colcon.meta'], base_paths=['.'], packages_ignore=None, packages_ignore_regex=None, paths=None, packages_up_to=None, packages_up_to_regex=None, packages_above=None, packages_above_and_dependencies=None, packages_above_depth=None, packages_select_by_dep=None, packages_skip_by_dep=None, packages_skip_up_to=None, packages_select_build_failed=False, packages_skip_build_finished=False, packages_select_test_failures=False, packages_skip_test_passed=False, packages_select=['lidar_node_new'], packages_skip=None, packages_select_regex=None, packages_skip_regex=None, packages_start=None, packages_end=None, allow_overriding=[], cmake_args=None, cmake_target=None, cmake_target_skip_unavailable=False, cmake_clean_cache=False, cmake_clean_first=False, cmake_force_configure=False, ament_cmake_args=None, catkin_cmake_args=None, catkin_skip_building_tests=False, mixin_files=None, mixin=None, verb_parser=<colcon_mixin.mixin.mixin_argument.MixinArgumentDecorator object at 0x7f07c4657a00>, verb_extension=<colcon_core.verb.build.BuildVerb object at 0x7f07c46152a0>, main=<bound method BuildVerb.main of <colcon_core.verb.build.BuildVerb object at 0x7f07c46152a0>>, mixin_verb=('build',))
[0.764s] Level 1:colcon.colcon_core.package_discovery:discover_packages(colcon_meta) check parameters
[0.765s] Level 1:colcon.colcon_core.package_discovery:discover_packages(recursive) check parameters
[0.765s] Level 1:colcon.colcon_core.package_discovery:discover_packages(ignore) check parameters
[0.765s] Level 1:colcon.colcon_core.package_discovery:discover_packages(path) check parameters
[0.765s] Level 1:colcon.colcon_core.package_discovery:discover_packages(colcon_meta) discover
[0.766s] Level 1:colcon.colcon_core.package_discovery:discover_packages(recursive) discover
[0.766s] INFO:colcon.colcon_core.package_discovery:Crawling recursively for packages in '/home/diego234/Esame'
[0.766s] Level 1:colcon.colcon_core.package_identification:_identify(.) by extensions ['ignore', 'ignore_ament_install']
[0.766s] Level 1:colcon.colcon_core.package_identification:_identify(.) by extension 'ignore'
[0.766s] Level 1:colcon.colcon_core.package_identification:_identify(.) by extension 'ignore_ament_install'
[0.767s] Level 1:colcon.colcon_core.package_identification:_identify(.) by extensions ['colcon_pkg']
[0.767s] Level 1:colcon.colcon_core.package_identification:_identify(.) by extension 'colcon_pkg'
[0.767s] Level 1:colcon.colcon_core.package_identification:_identify(.) by extensions ['colcon_meta']
[0.767s] Level 1:colcon.colcon_core.package_identification:_identify(.) by extension 'colcon_meta'
[0.767s] Level 1:colcon.colcon_core.package_identification:_identify(.) by extensions ['ros']
[0.767s] Level 1:colcon.colcon_core.package_identification:_identify(.) by extension 'ros'
[0.823s] Level 1:colcon.colcon_core.package_identification:_identify(.) by extensions ['cmake', 'python']
[0.824s] Level 1:colcon.colcon_core.package_identification:_identify(.) by extension 'cmake'
[0.824s] Level 1:colcon.colcon_core.package_identification:_identify(.) by extension 'python'
[0.824s] Level 1:colcon.colcon_core.package_identification:_identify(.) by extensions ['python_setup_py']
[0.824s] Level 1:colcon.colcon_core.package_identification:_identify(.) by extension 'python_setup_py'
[0.824s] Level 1:colcon.colcon_core.package_identification:_identify(build) by extensions ['ignore', 'ignore_ament_install']
[0.825s] Level 1:colcon.colcon_core.package_identification:_identify(build) by extension 'ignore'
[0.825s] Level 1:colcon.colcon_core.package_identification:_identify(build) ignored
[0.825s] Level 1:colcon.colcon_core.package_identification:_identify(install) by extensions ['ignore', 'ignore_ament_install']
[0.825s] Level 1:colcon.colcon_core.package_identification:_identify(install) by extension 'ignore'
[0.825s] Level 1:colcon.colcon_core.package_identification:_identify(install) ignored
[0.825s] Level 1:colcon.colcon_core.package_identification:_identify(log) by extensions ['ignore', 'ignore_ament_install']
[0.826s] Level 1:colcon.colcon_core.package_identification:_identify(log) by extension 'ignore'
[0.826s] Level 1:colcon.colcon_core.package_identification:_identify(log) ignored
[0.826s] Level 1:colcon.colcon_core.package_identification:_identify(src) by extensions ['ignore', 'ignore_ament_install']
[0.826s] Level 1:colcon.colcon_core.package_identification:_identify(src) by extension 'ignore'
[0.826s] Level 1:colcon.colcon_core.package_identification:_identify(src) by extension 'ignore_ament_install'
[0.827s] Level 1:colcon.colcon_core.package_identification:_identify(src) by extensions ['colcon_pkg']
[0.827s] Level 1:colcon.colcon_core.package_identification:_identify(src) by extension 'colcon_pkg'
[0.827s] Level 1:colcon.colcon_core.package_identification:_identify(src) by extensions ['colcon_meta']
[0.827s] Level 1:colcon.colcon_core.package_identification:_identify(src) by extension 'colcon_meta'
[0.827s] Level 1:colcon.colcon_core.package_identification:_identify(src) by extensions ['ros']
[0.827s] Level 1:colcon.colcon_core.package_identification:_identify(src) by extension 'ros'
[0.828s] Level 1:colcon.colcon_core.package_identification:_identify(src) by extensions ['cmake', 'python']
[0.828s] Level 1:colcon.colcon_core.package_identification:_identify(src) by extension 'cmake'
[0.828s] Level 1:colcon.colcon_core.package_identification:_identify(src) by extension 'python'
[0.828s] Level 1:colcon.colcon_core.package_identification:_identify(src) by extensions ['python_setup_py']
[0.828s] Level 1:colcon.colcon_core.package_identification:_identify(src) by extension 'python_setup_py'
[0.828s] Level 1:colcon.colcon_core.package_identification:_identify(src/lidar_node_new) by extensions ['ignore', 'ignore_ament_install']
[0.829s] Level 1:colcon.colcon_core.package_identification:_identify(src/lidar_node_new) by extension 'ignore'
[0.829s] Level 1:colcon.colcon_core.package_identification:_identify(src/lidar_node_new) by extension 'ignore_ament_install'
[0.829s] Level 1:colcon.colcon_core.package_identification:_identify(src/lidar_node_new) by extensions ['colcon_pkg']
[0.830s] Level 1:colcon.colcon_core.package_identification:_identify(src/lidar_node_new) by extension 'colcon_pkg'
[0.830s] Level 1:colcon.colcon_core.package_identification:_identify(src/lidar_node_new) by extensions ['colcon_meta']
[0.830s] Level 1:colcon.colcon_core.package_identification:_identify(src/lidar_node_new) by extension 'colcon_meta'
[0.830s] Level 1:colcon.colcon_core.package_identification:_identify(src/lidar_node_new) by extensions ['ros']
[0.830s] Level 1:colcon.colcon_core.package_identification:_identify(src/lidar_node_new) by extension 'ros'
[0.837s] DEBUG:colcon.colcon_core.package_identification:Package 'src/lidar_node_new' with type 'ros.ament_cmake' and name 'lidar_node_new'
[0.838s] Level 1:colcon.colcon_core.package_discovery:discover_packages(recursive) using defaults
[0.838s] Level 1:colcon.colcon_core.package_discovery:discover_packages(ignore) discover
[0.838s] Level 1:colcon.colcon_core.package_discovery:discover_packages(ignore) using defaults
[0.838s] Level 1:colcon.colcon_core.package_discovery:discover_packages(path) discover
[0.838s] Level 1:colcon.colcon_core.package_discovery:discover_packages(path) using defaults
[0.901s] Level 1:colcon.colcon_core.package_discovery:discover_packages(prefix_path) check parameters
[0.902s] Level 1:colcon.colcon_core.package_discovery:discover_packages(prefix_path) discover
[0.907s] DEBUG:colcon.colcon_installed_package_information.package_discovery:Found 1 installed packages in /home/diego234/Esame/install
[0.911s] DEBUG:colcon.colcon_installed_package_information.package_discovery:Found 386 installed packages in /opt/ros/humble
[0.914s] Level 1:colcon.colcon_core.package_discovery:discover_packages(prefix_path) using defaults
[1.052s] Level 5:colcon.colcon_core.verb:set package 'lidar_node_new' build argument 'cmake_args' from command line to 'None'
[1.053s] Level 5:colcon.colcon_core.verb:set package 'lidar_node_new' build argument 'cmake_target' from command line to 'None'
[1.053s] Level 5:colcon.colcon_core.verb:set package 'lidar_node_new' build argument 'cmake_target_skip_unavailable' from command line to 'False'
[1.053s] Level 5:colcon.colcon_core.verb:set package 'lidar_node_new' build argument 'cmake_clean_cache' from command line to 'False'
[1.053s] Level 5:colcon.colcon_core.verb:set package 'lidar_node_new' build argument 'cmake_clean_first' from command line to 'False'
[1.053s] Level 5:colcon.colcon_core.verb:set package 'lidar_node_new' build argument 'cmake_force_configure' from command line to 'False'
[1.053s] Level 5:colcon.colcon_core.verb:set package 'lidar_node_new' build argument 'ament_cmake_args' from command line to 'None'
[1.054s] Level 5:colcon.colcon_core.verb:set package 'lidar_node_new' build argument 'catkin_cmake_args' from command line to 'None'
[1.054s] Level 5:colcon.colcon_core.verb:set package 'lidar_node_new' build argument 'catkin_skip_building_tests' from command line to 'False'
[1.054s] DEBUG:colcon.colcon_core.verb:Building package 'lidar_node_new' with the following arguments: {'ament_cmake_args': None, 'build_base': '/home/diego234/Esame/build/lidar_node_new', 'catkin_cmake_args': None, 'catkin_skip_building_tests': False, 'cmake_args': None, 'cmake_clean_cache': False, 'cmake_clean_first': False, 'cmake_force_configure': False, 'cmake_target': None, 'cmake_target_skip_unavailable': False, 'install_base': '/home/diego234/Esame/install/lidar_node_new', 'merge_install': False, 'path': '/home/diego234/Esame/src/lidar_node_new', 'symlink_install': False, 'test_result_base': None}
[1.055s] INFO:colcon.colcon_core.executor:Executing jobs using 'parallel' executor
[1.059s] DEBUG:colcon.colcon_parallel_executor.executor.parallel:run_until_complete
[1.060s] INFO:colcon.colcon_ros.task.ament_cmake.build:Building ROS package in '/home/diego234/Esame/src/lidar_node_new' with build type 'ament_cmake'
[1.060s] INFO:colcon.colcon_cmake.task.cmake.build:Building CMake package in '/home/diego234/Esame/src/lidar_node_new'
[1.067s] INFO:colcon.colcon_core.plugin_system:Skipping extension 'colcon_core.shell.bat': Not used on non-Windows systems
[1.067s] INFO:colcon.colcon_core.shell:Skip shell extension 'powershell' for command environment: Not usable outside of PowerShell
[1.067s] DEBUG:colcon.colcon_core.shell:Skip shell extension 'dsv' for command environment
[1.116s] DEBUG:colcon.colcon_core.event_handler.log_command:Invoking command in '/home/diego234/Esame/build/lidar_node_new': CMAKE_PREFIX_PATH=${CMAKE_PREFIX_PATH}:/opt/ros/humble /usr/bin/cmake --build /home/diego234/Esame/build/lidar_node_new -- -j5 -l5
[56.880s] DEBUG:colcon.colcon_core.event_handler.log_command:Invoked command in '/home/diego234/Esame/build/lidar_node_new' returned '0': CMAKE_PREFIX_PATH=${CMAKE_PREFIX_PATH}:/opt/ros/humble /usr/bin/cmake --build /home/diego234/Esame/build/lidar_node_new -- -j5 -l5
[56.901s] DEBUG:colcon.colcon_core.event_handler.log_command:Invoking command in '/home/diego234/Esame/build/lidar_node_new': CMAKE_PREFIX_PATH=${CMAKE_PREFIX_PATH}:/opt/ros/humble /usr/bin/cmake --install /home/diego234/Esame/build/lidar_node_new
[56.933s] Level 1:colcon.colcon_core.environment:create_environment_scripts_only(lidar_node_new)
[56.938s] DEBUG:colcon.colcon_core.event_handler.log_command:Invoked command in '/home/diego234/Esame/build/lidar_node_new' returned '0': CMAKE_PREFIX_PATH=${CMAKE_PREFIX_PATH}:/opt/ros/humble /usr/bin/cmake --install /home/diego234/Esame/build/lidar_node_new
[56.943s] Level 1:colcon.colcon_core.environment:checking '/home/diego234/Esame/install/lidar_node_new' for CMake module files
[56.944s] Level 1:colcon.colcon_core.environment:checking '/home/diego234/Esame/install/lidar_node_new' for CMake config files
[56.946s] Level 1:colcon.colcon_core.shell:create_environment_hook('lidar_node_new', 'cmake_prefix_path')
[56.947s] INFO:colcon.colcon_core.shell:Creating environment hook '/home/diego234/Esame/install/lidar_node_new/share/lidar_node_new/hook/cmake_prefix_path.ps1'
[56.949s] INFO:colcon.colcon_core.shell:Creating environment descriptor '/home/diego234/Esame/install/lidar_node_new/share/lidar_node_new/hook/cmake_prefix_path.dsv'
[56.957s] INFO:colcon.colcon_core.shell:Creating environment hook '/home/diego234/Esame/install/lidar_node_new/share/lidar_node_new/hook/cmake_prefix_path.sh'
[56.964s] Level 1:colcon.colcon_core.environment:checking '/home/diego234/Esame/install/lidar_node_new/lib'
[56.964s] Level 1:colcon.colcon_core.environment:checking '/home/diego234/Esame/install/lidar_node_new/bin'
[56.965s] Level 1:colcon.colcon_core.environment:checking '/home/diego234/Esame/install/lidar_node_new/lib/pkgconfig/lidar_node_new.pc'
[56.965s] Level 1:colcon.colcon_core.environment:checking '/home/diego234/Esame/install/lidar_node_new/lib/python3.10/site-packages'
[56.966s] Level 1:colcon.colcon_core.environment:checking '/home/diego234/Esame/install/lidar_node_new/bin'
[56.967s] INFO:colcon.colcon_core.shell:Creating package script '/home/diego234/Esame/install/lidar_node_new/share/lidar_node_new/package.ps1'
[56.968s] INFO:colcon.colcon_core.shell:Creating package descriptor '/home/diego234/Esame/install/lidar_node_new/share/lidar_node_new/package.dsv'
[56.971s] INFO:colcon.colcon_core.shell:Creating package script '/home/diego234/Esame/install/lidar_node_new/share/lidar_node_new/package.sh'
[56.977s] INFO:colcon.colcon_core.shell:Creating package script '/home/diego234/Esame/install/lidar_node_new/share/lidar_node_new/package.bash'
[56.979s] INFO:colcon.colcon_core.shell:Creating package script '/home/diego234/Esame/install/lidar_node_new/share/lidar_node_new/package.zsh'
[56.981s] Level 1:colcon.colcon_core.environment:create_file_with_runtime_dependencies(/home/diego234/Esame/install/lidar_node_new/share/colcon-core/packages/lidar_node_new)
[56.982s] Level 1:colcon.colcon_core.environment:create_environment_scripts_only(lidar_node_new)
[56.983s] Level 1:colcon.colcon_core.environment:checking '/home/diego234/Esame/install/lidar_node_new' for CMake module files
[56.984s] Level 1:colcon.colcon_core.environment:checking '/home/diego234/Esame/install/lidar_node_new' for CMake config files
[56.985s] Level 1:colcon.colcon_core.shell:create_environment_hook('lidar_node_new', 'cmake_prefix_path')
[56.986s] INFO:colcon.colcon_core.shell:Creating environment hook '/home/diego234/Esame/install/lidar_node_new/share/lidar_node_new/hook/cmake_prefix_path.ps1'
[56.988s] INFO:colcon.colcon_core.shell:Creating environment descriptor '/home/diego234/Esame/install/lidar_node_new/share/lidar_node_new/hook/cmake_prefix_path.dsv'
[56.989s] INFO:colcon.colcon_core.shell:Creating environment hook '/home/diego234/Esame/install/lidar_node_new/share/lidar_node_new/hook/cmake_prefix_path.sh'
[56.991s] Level 1:colcon.colcon_core.environment:checking '/home/diego234/Esame/install/lidar_node_new/lib'
[56.991s] Level 1:colcon.colcon_core.environment:checking '/home/diego234/Esame/install/lidar_node_new/bin'
[56.992s] Level 1:colcon.colcon_core.environment:checking '/home/diego234/Esame/install/lidar_node_new/lib/pkgconfig/lidar_node_new.pc'
[56.992s] Level 1:colcon.colcon_core.environment:checking '/home/diego234/Esame/install/lidar_node_new/lib/python3.10/site-packages'
[56.993s] Level 1:colcon.colcon_core.environment:checking '/home/diego234/Esame/install/lidar_node_new/bin'
[56.994s] INFO:colcon.colcon_core.shell:Creating package script '/home/diego234/Esame/install/lidar_node_new/share/lidar_node_new/package.ps1'
[56.995s] INFO:colcon.colcon_core.shell:Creating package descriptor '/home/diego234/Esame/install/lidar_node_new/share/lidar_node_new/package.dsv'
[56.997s] INFO:colcon.colcon_core.shell:Creating package script '/home/diego234/Esame/install/lidar_node_new/share/lidar_node_new/package.sh'
[57.000s] INFO:colcon.colcon_core.shell:Creating package script '/home/diego234/Esame/install/lidar_node_new/share/lidar_node_new/package.bash'
[57.003s] INFO:colcon.colcon_core.shell:Creating package script '/home/diego234/Esame/install/lidar_node_new/share/lidar_node_new/package.zsh'
[57.009s] Level 1:colcon.colcon_core.environment:create_file_with_runtime_dependencies(/home/diego234/Esame/install/lidar_node_new/share/colcon-core/packages/lidar_node_new)
[57.010s] DEBUG:colcon.colcon_parallel_executor.executor.parallel:closing loop
[57.012s] DEBUG:colcon.colcon_parallel_executor.executor.parallel:loop closed
[57.013s] DEBUG:colcon.colcon_parallel_executor.executor.parallel:run_until_complete finished with '0'
[57.013s] DEBUG:colcon.colcon_core.event_reactor:joining thread
[57.028s] INFO:colcon.colcon_core.plugin_system:Skipping extension 'colcon_notification.desktop_notification.terminal_notifier': Not used on non-Darwin systems
[57.028s] INFO:colcon.colcon_core.plugin_system:Skipping extension 'colcon_notification.desktop_notification.win32': Not used on non-Windows systems
[57.028s] INFO:colcon.colcon_notification.desktop_notification:Sending desktop notification using 'notify2'
[57.060s] DEBUG:colcon.colcon_core.event_reactor:joined thread
[57.060s] INFO:colcon.colcon_core.shell:Creating prefix script '/home/diego234/Esame/install/local_setup.ps1'
[57.062s] INFO:colcon.colcon_core.shell:Creating prefix util module '/home/diego234/Esame/install/_local_setup_util_ps1.py'
[57.068s] INFO:colcon.colcon_core.shell:Creating prefix chain script '/home/diego234/Esame/install/setup.ps1'
[57.071s] INFO:colcon.colcon_core.shell:Creating prefix script '/home/diego234/Esame/install/local_setup.sh'
[57.073s] INFO:colcon.colcon_core.shell:Creating prefix util module '/home/diego234/Esame/install/_local_setup_util_sh.py'
[57.074s] INFO:colcon.colcon_core.shell:Creating prefix chain script '/home/diego234/Esame/install/setup.sh'
[57.077s] INFO:colcon.colcon_core.shell:Creating prefix script '/home/diego234/Esame/install/local_setup.bash'
[57.079s] INFO:colcon.colcon_core.shell:Creating prefix chain script '/home/diego234/Esame/install/setup.bash'
[57.082s] INFO:colcon.colcon_core.shell:Creating prefix script '/home/diego234/Esame/install/local_setup.zsh'
[57.084s] INFO:colcon.colcon_core.shell:Creating prefix chain script '/home/diego234/Esame/install/setup.zsh'
