[0.043s] Invoking command in '/home/diego234/Esame/build/lidar_node_new': CMAKE_PREFIX_PATH=${CMAKE_PREFIX_PATH}:/opt/ros/humble /usr/bin/cmake --build /home/diego234/Esame/build/lidar_node_new -- -j5 -l5
[0.211s] [ 50%] [32mBuilding CXX object CMakeFiles/lidar_node_new.dir/src/lidar_node_new.cpp.o[0m
[45.169s] [100%] [32m[1mLinking CXX executable lidar_node_new[0m
[64.700s] [100%] Built target lidar_node_new
[64.747s] Invoked command in '/home/diego234/Esame/build/lidar_node_new' returned '0': CMAKE_PREFIX_PATH=${CMAKE_PREFIX_PATH}:/opt/ros/humble /usr/bin/cmake --build /home/diego234/Esame/build/lidar_node_new -- -j5 -l5
[64.787s] Invoking command in '/home/diego234/Esame/build/lidar_node_new': CMAKE_PREFIX_PATH=${CMAKE_PREFIX_PATH}:/opt/ros/humble /usr/bin/cmake --install /home/diego234/Esame/build/lidar_node_new
[64.810s] -- Install configuration: ""
[64.812s] -- Installing: /home/diego234/Esame/install/lidar_node_new/lib/lidar_node_new/lidar_node_new
[64.823s] -- Set runtime path of "/home/diego234/Esame/install/lidar_node_new/lib/lidar_node_new/lidar_node_new" to ""
[64.823s] -- Up-to-date: /home/diego234/Esame/install/lidar_node_new/share/ament_index/resource_index/package_run_dependencies/lidar_node_new
[64.826s] -- Up-to-date: /home/diego234/Esame/install/lidar_node_new/share/ament_index/resource_index/parent_prefix_path/lidar_node_new
[64.827s] -- Up-to-date: /home/diego234/Esame/install/lidar_node_new/share/lidar_node_new/environment/ament_prefix_path.sh
[64.827s] -- Up-to-date: /home/diego234/Esame/install/lidar_node_new/share/lidar_node_new/environment/ament_prefix_path.dsv
[64.827s] -- Up-to-date: /home/diego234/Esame/install/lidar_node_new/share/lidar_node_new/environment/path.sh
[64.827s] -- Up-to-date: /home/diego234/Esame/install/lidar_node_new/share/lidar_node_new/environment/path.dsv
[64.827s] -- Up-to-date: /home/diego234/Esame/install/lidar_node_new/share/lidar_node_new/local_setup.bash
[64.827s] -- Up-to-date: /home/diego234/Esame/install/lidar_node_new/share/lidar_node_new/local_setup.sh
[64.828s] -- Up-to-date: /home/diego234/Esame/install/lidar_node_new/share/lidar_node_new/local_setup.zsh
[64.828s] -- Up-to-date: /home/diego234/Esame/install/lidar_node_new/share/lidar_node_new/local_setup.dsv
[64.831s] -- Installing: /home/diego234/Esame/install/lidar_node_new/share/lidar_node_new/package.dsv
[64.832s] -- Up-to-date: /home/diego234/Esame/install/lidar_node_new/share/ament_index/resource_index/packages/lidar_node_new
[64.832s] -- Up-to-date: /home/diego234/Esame/install/lidar_node_new/share/lidar_node_new/cmake/lidar_node_newConfig.cmake
[64.832s] -- Up-to-date: /home/diego234/Esame/install/lidar_node_new/share/lidar_node_new/cmake/lidar_node_newConfig-version.cmake
[64.832s] -- Up-to-date: /home/diego234/Esame/install/lidar_node_new/share/lidar_node_new/package.xml
[64.838s] Invoked command in '/home/diego234/Esame/build/lidar_node_new' returned '0': CMAKE_PREFIX_PATH=${CMAKE_PREFIX_PATH}:/opt/ros/humble /usr/bin/cmake --install /home/diego234/Esame/build/lidar_node_new
