[0.032s] Invoking command in '/home/diego234/Esame/build/lidar_node_new': CMAKE_PREFIX_PATH=${CMAKE_PREFIX_PATH}:/opt/ros/humble /usr/bin/cmake /home/diego234/Esame/src/lidar_node_new -DCMAKE_INSTALL_PREFIX=/home/diego234/Esame/install/lidar_node_new
[0.277s] -- The C compiler identification is GNU 11.4.0
[0.489s] -- The CXX compiler identification is GNU 11.4.0
[0.516s] -- Detecting C compiler ABI info
[0.729s] -- Detecting C compiler ABI info - done
[0.758s] -- Check for working C compiler: /usr/bin/cc - skipped
[0.758s] -- Detecting C compile features
[0.759s] -- Detecting C compile features - done
[0.768s] -- Detecting CXX compiler ABI info
[1.057s] -- Detecting CXX compiler ABI info - done
[1.093s] -- Check for working CXX compiler: /usr/bin/c++ - skipped
[1.093s] -- Detecting CXX compile features
[1.093s] -- Detecting CXX compile features - done
[1.100s] -- Found ament_cmake: 1.3.11 (/opt/ros/humble/share/ament_cmake/cmake)
[1.581s] -- Found Python3: /usr/bin/python3 (found version "3.10.12") found components: Interpreter 
[1.851s] -- Found rclcpp: 16.0.11 (/opt/ros/humble/share/rclcpp/cmake)
[1.948s] -- Found rosidl_generator_c: 3.1.6 (/opt/ros/humble/share/rosidl_generator_c/cmake)
[1.949s] -- Found rosidl_adapter: 3.1.6 (/opt/ros/humble/share/rosidl_adapter/cmake)
[1.967s] -- Found rosidl_generator_cpp: 3.1.6 (/opt/ros/humble/share/rosidl_generator_cpp/cmake)
[1.998s] -- Using all available rosidl_typesupport_c: rosidl_typesupport_fastrtps_c;rosidl_typesupport_introspection_c
[2.038s] -- Using all available rosidl_typesupport_cpp: rosidl_typesupport_fastrtps_cpp;rosidl_typesupport_introspection_cpp
[2.130s] -- Found rmw_implementation_cmake: 6.1.2 (/opt/ros/humble/share/rmw_implementation_cmake/cmake)
[2.134s] -- Found rmw_cyclonedds_cpp: 1.3.4 (/opt/ros/humble/share/rmw_cyclonedds_cpp/cmake)
[2.187s] -- Using RMW implementation 'rmw_cyclonedds_cpp' as default
[2.216s] -- Looking for pthread.h
[2.392s] -- Looking for pthread.h - found
[2.393s] -- Performing Test CMAKE_HAVE_LIBC_PTHREAD
[2.593s] -- Performing Test CMAKE_HAVE_LIBC_PTHREAD - Success
[2.598s] -- Found Threads: TRUE  
[2.784s] -- Found sensor_msgs: 4.2.4 (/opt/ros/humble/share/sensor_msgs/cmake)
[2.879s] -- Found pcl_conversions: 2.4.5 (/opt/ros/humble/share/pcl_conversions/cmake)
[2.962s] -- Checking for module 'eigen3'
[2.986s] --   Found eigen3, version 3.4.0
[3.074s] -- Found Eigen: /usr/include/eigen3 (Required is at least version "3.1") 
[3.074s] -- Eigen found (include: /usr/include/eigen3, version: 3.4.0)
[3.176s] -- Checking for module 'flann'
[3.210s] --   Found flann, version 1.9.1
[3.379s] -- Found FLANN: /usr/lib/x86_64-linux-gnu/libflann_cpp.so  
[3.379s] -- FLANN found (include: /usr/include, lib: /usr/lib/x86_64-linux-gnu/libflann_cpp.so)
[6.151s] -- Checking for module 'libusb-1.0'
[6.194s] --   Found libusb-1.0, version 1.0.25
[6.319s] -- Found libusb: /usr/lib/x86_64-linux-gnu/libusb-1.0.so  
[6.321s] -- OpenNI found (version: 1.5.4.0, include: /usr/include/ni, lib: /usr/lib/libOpenNI.so;libusb::libusb)
[6.506s] -- OpenNI2 found (version: 2.2.0.33, include: /usr/include/openni2, lib: /usr/lib/x86_64-linux-gnu/libOpenNI2.so;libusb::libusb)
[6.880s] -- Eigen found (include: /usr/include/eigen3, version: 3.4.0)
[6.892s] -- OpenNI found (version: 1.5.4.0, include: /usr/include/ni, lib: /usr/lib/libOpenNI.so;libusb::libusb)
[6.900s] -- OpenNI2 found (version: 2.2.0.33, include: /usr/include/openni2, lib: /usr/lib/x86_64-linux-gnu/libOpenNI2.so;libusb::libusb)
[7.239s] -- Found Qhull version 8.0.2
[7.577s] -- OpenNI found (version: 1.5.4.0, include: /usr/include/ni, lib: /usr/lib/libOpenNI.so;libusb::libusb)
[7.910s] -- Found PCL_COMMON: /usr/lib/x86_64-linux-gnu/libpcl_common.so  
[7.912s] -- Found PCL_KDTREE: /usr/lib/x86_64-linux-gnu/libpcl_kdtree.so  
[7.913s] -- Found PCL_OCTREE: /usr/lib/x86_64-linux-gnu/libpcl_octree.so  
[7.915s] -- Found PCL_SEARCH: /usr/lib/x86_64-linux-gnu/libpcl_search.so  
[7.917s] -- Found PCL_SAMPLE_CONSENSUS: /usr/lib/x86_64-linux-gnu/libpcl_sample_consensus.so  
[7.918s] -- Found PCL_FILTERS: /usr/lib/x86_64-linux-gnu/libpcl_filters.so  
[7.919s] -- Found PCL_2D: /usr/include/pcl-1.12  
[7.921s] -- Found PCL_GEOMETRY: /usr/include/pcl-1.12  
[7.923s] -- Found PCL_IO: /usr/lib/x86_64-linux-gnu/libpcl_io.so  
[7.926s] -- Found PCL_FEATURES: /usr/lib/x86_64-linux-gnu/libpcl_features.so  
[7.929s] -- Found PCL_ML: /usr/lib/x86_64-linux-gnu/libpcl_ml.so  
[7.931s] -- Found PCL_SEGMENTATION: /usr/lib/x86_64-linux-gnu/libpcl_segmentation.so  
[7.934s] -- Found PCL_VISUALIZATION: /usr/lib/x86_64-linux-gnu/libpcl_visualization.so  
[7.942s] -- Found PCL_SURFACE: /usr/lib/x86_64-linux-gnu/libpcl_surface.so  
[7.947s] -- Found PCL_REGISTRATION: /usr/lib/x86_64-linux-gnu/libpcl_registration.so  
[7.949s] -- Found PCL_KEYPOINTS: /usr/lib/x86_64-linux-gnu/libpcl_keypoints.so  
[7.949s] -- Found PCL_TRACKING: /usr/lib/x86_64-linux-gnu/libpcl_tracking.so  
[7.954s] -- Found PCL_RECOGNITION: /usr/lib/x86_64-linux-gnu/libpcl_recognition.so  
[7.961s] -- Found PCL_STEREO: /usr/lib/x86_64-linux-gnu/libpcl_stereo.so  
[7.961s] -- Found PCL_APPS: /usr/lib/x86_64-linux-gnu/libpcl_apps.so  
[7.961s] -- Found PCL_IN_HAND_SCANNER: /usr/include/pcl-1.12  
[7.961s] -- Found PCL_MODELER: /usr/include/pcl-1.12  
[7.962s] -- Found PCL_POINT_CLOUD_EDITOR: /usr/include/pcl-1.12  
[7.965s] -- Found PCL_OUTOFCORE: /usr/lib/x86_64-linux-gnu/libpcl_outofcore.so  
[7.966s] -- Found PCL_PEOPLE: /usr/lib/x86_64-linux-gnu/libpcl_people.so  
[7.974s] -- Found pcl_ros: 2.4.5 (/opt/ros/humble/share/pcl_ros/cmake)
[8.061s] -- Found eigen3_cmake_module: 0.1.1 (/opt/ros/humble/share/eigen3_cmake_module/cmake)
[8.064s] -- Found Eigen3: TRUE (found version "3.4.0") 
[8.064s] -- Ensuring Eigen3 include directory is part of orocos-kdl CMake target
[8.283s] -- Found ament_lint_auto: 0.12.11 (/opt/ros/humble/share/ament_lint_auto/cmake)
[8.540s] -- Found OpenCV: /usr (found version "4.5.4") 
[8.546s] -- Added test 'cppcheck' to perform static code analysis on C / C++ code
[8.546s] -- Configured cppcheck include dirs: 
[8.547s] -- Configured cppcheck exclude dirs and/or files: 
[8.547s] -- Added test 'lint_cmake' to check CMake code style
[8.548s] -- Added test 'uncrustify' to check C / C++ code style
[8.552s] -- Configured uncrustify additional arguments: 
[8.554s] -- Added test 'xmllint' to check XML markup files
[8.554s] -- Configuring done
[8.665s] -- Generating done
[8.695s] -- Build files have been written to: /home/diego234/Esame/build/lidar_node_new
[8.761s] Invoked command in '/home/diego234/Esame/build/lidar_node_new' returned '0': CMAKE_PREFIX_PATH=${CMAKE_PREFIX_PATH}:/opt/ros/humble /usr/bin/cmake /home/diego234/Esame/src/lidar_node_new -DCMAKE_INSTALL_PREFIX=/home/diego234/Esame/install/lidar_node_new
[8.767s] Invoking command in '/home/diego234/Esame/build/lidar_node_new': CMAKE_PREFIX_PATH=${CMAKE_PREFIX_PATH}:/opt/ros/humble /usr/bin/cmake --build /home/diego234/Esame/build/lidar_node_new -- -j5 -l5
[8.946s] [ 50%] [32mBuilding CXX object CMakeFiles/lidar_node_new.dir/src/lidar_node_new.cpp.o[0m
[39.970s] [100%] [32m[1mLinking CXX executable lidar_node_new[0m
[51.661s] [100%] Built target lidar_node_new
[51.683s] Invoked command in '/home/diego234/Esame/build/lidar_node_new' returned '0': CMAKE_PREFIX_PATH=${CMAKE_PREFIX_PATH}:/opt/ros/humble /usr/bin/cmake --build /home/diego234/Esame/build/lidar_node_new -- -j5 -l5
[51.699s] Invoking command in '/home/diego234/Esame/build/lidar_node_new': CMAKE_PREFIX_PATH=${CMAKE_PREFIX_PATH}:/opt/ros/humble /usr/bin/cmake --install /home/diego234/Esame/build/lidar_node_new
[51.714s] -- Install configuration: ""
[51.714s] -- Installing: /home/diego234/Esame/install/lidar_node_new/lib/lidar_node_new/lidar_node_new
[51.718s] -- Set runtime path of "/home/diego234/Esame/install/lidar_node_new/lib/lidar_node_new/lidar_node_new" to ""
[51.718s] -- Installing: /home/diego234/Esame/install/lidar_node_new/share/ament_index/resource_index/package_run_dependencies/lidar_node_new
[51.719s] -- Installing: /home/diego234/Esame/install/lidar_node_new/share/ament_index/resource_index/parent_prefix_path/lidar_node_new
[51.719s] -- Installing: /home/diego234/Esame/install/lidar_node_new/share/lidar_node_new/environment/ament_prefix_path.sh
[51.719s] -- Installing: /home/diego234/Esame/install/lidar_node_new/share/lidar_node_new/environment/ament_prefix_path.dsv
[51.719s] -- Installing: /home/diego234/Esame/install/lidar_node_new/share/lidar_node_new/environment/path.sh
[51.719s] -- Installing: /home/diego234/Esame/install/lidar_node_new/share/lidar_node_new/environment/path.dsv
[51.720s] -- Installing: /home/diego234/Esame/install/lidar_node_new/share/lidar_node_new/local_setup.bash
[51.720s] -- Installing: /home/diego234/Esame/install/lidar_node_new/share/lidar_node_new/local_setup.sh
[51.720s] -- Installing: /home/diego234/Esame/install/lidar_node_new/share/lidar_node_new/local_setup.zsh
[51.720s] -- Installing: /home/diego234/Esame/install/lidar_node_new/share/lidar_node_new/local_setup.dsv
[51.720s] -- Installing: /home/diego234/Esame/install/lidar_node_new/share/lidar_node_new/package.dsv
[51.721s] -- Installing: /home/diego234/Esame/install/lidar_node_new/share/ament_index/resource_index/packages/lidar_node_new
[51.721s] -- Installing: /home/diego234/Esame/install/lidar_node_new/share/lidar_node_new/cmake/lidar_node_newConfig.cmake
[51.721s] -- Installing: /home/diego234/Esame/install/lidar_node_new/share/lidar_node_new/cmake/lidar_node_newConfig-version.cmake
[51.721s] -- Installing: /home/diego234/Esame/install/lidar_node_new/share/lidar_node_new/package.xml
[51.731s] Invoked command in '/home/diego234/Esame/build/lidar_node_new' returned '0': CMAKE_PREFIX_PATH=${CMAKE_PREFIX_PATH}:/opt/ros/humble /usr/bin/cmake --install /home/diego234/Esame/build/lidar_node_new
