[0.034s] Invoking command in '/home/diego234/Esame/build/lidar_node_new': CMAKE_PREFIX_PATH=${CMAKE_PREFIX_PATH}:/opt/ros/humble /usr/bin/cmake --build /home/diego234/Esame/build/lidar_node_new -- -j5 -l5
[0.251s] [35m[1mConsolidate compiler generated dependencies of target lidar_node_new[0m
[0.345s] [ 50%] [32mBuilding CXX object CMakeFiles/lidar_node_new.dir/src/lidar_node_new.cpp.o[0m
[28.412s] [100%] [32m[1mLinking CXX executable lidar_node_new[0m
[38.334s] [100%] Built target lidar_node_new
[38.365s] Invoked command in '/home/diego234/Esame/build/lidar_node_new' returned '0': CMAKE_PREFIX_PATH=${CMAKE_PREFIX_PATH}:/opt/ros/humble /usr/bin/cmake --build /home/diego234/Esame/build/lidar_node_new -- -j5 -l5
[38.376s] Invoking command in '/home/diego234/Esame/build/lidar_node_new': CMAKE_PREFIX_PATH=${CMAKE_PREFIX_PATH}:/opt/ros/humble /usr/bin/cmake --install /home/diego234/Esame/build/lidar_node_new
[38.390s] -- Install configuration: ""
[38.391s] -- Installing: /home/diego234/Esame/install/lidar_node_new/lib/lidar_node_new/lidar_node_new
[38.396s] -- Set runtime path of "/home/diego234/Esame/install/lidar_node_new/lib/lidar_node_new/lidar_node_new" to ""
[38.397s] -- Up-to-date: /home/diego234/Esame/install/lidar_node_new/share/ament_index/resource_index/package_run_dependencies/lidar_node_new
[38.397s] -- Up-to-date: /home/diego234/Esame/install/lidar_node_new/share/ament_index/resource_index/parent_prefix_path/lidar_node_new
[38.397s] -- Up-to-date: /home/diego234/Esame/install/lidar_node_new/share/lidar_node_new/environment/ament_prefix_path.sh
[38.397s] -- Up-to-date: /home/diego234/Esame/install/lidar_node_new/share/lidar_node_new/environment/ament_prefix_path.dsv
[38.397s] -- Up-to-date: /home/diego234/Esame/install/lidar_node_new/share/lidar_node_new/environment/path.sh
[38.397s] -- Up-to-date: /home/diego234/Esame/install/lidar_node_new/share/lidar_node_new/environment/path.dsv
[38.397s] -- Up-to-date: /home/diego234/Esame/install/lidar_node_new/share/lidar_node_new/local_setup.bash
[38.397s] -- Up-to-date: /home/diego234/Esame/install/lidar_node_new/share/lidar_node_new/local_setup.sh
[38.397s] -- Up-to-date: /home/diego234/Esame/install/lidar_node_new/share/lidar_node_new/local_setup.zsh
[38.398s] -- Up-to-date: /home/diego234/Esame/install/lidar_node_new/share/lidar_node_new/local_setup.dsv
[38.398s] -- Installing: /home/diego234/Esame/install/lidar_node_new/share/lidar_node_new/package.dsv
[38.398s] -- Up-to-date: /home/diego234/Esame/install/lidar_node_new/share/ament_index/resource_index/packages/lidar_node_new
[38.398s] -- Up-to-date: /home/diego234/Esame/install/lidar_node_new/share/lidar_node_new/cmake/lidar_node_newConfig.cmake
[38.398s] -- Up-to-date: /home/diego234/Esame/install/lidar_node_new/share/lidar_node_new/cmake/lidar_node_newConfig-version.cmake
[38.398s] -- Up-to-date: /home/diego234/Esame/install/lidar_node_new/share/lidar_node_new/package.xml
[38.399s] Invoked command in '/home/diego234/Esame/build/lidar_node_new' returned '0': CMAKE_PREFIX_PATH=${CMAKE_PREFIX_PATH}:/opt/ros/humble /usr/bin/cmake --install /home/diego234/Esame/build/lidar_node_new
