[0.043s] Invoking command in '/home/diego234/Esame/build/lidar_node_new': CMAKE_PREFIX_PATH=${CMAKE_PREFIX_PATH}:/opt/ros/humble /usr/bin/cmake --build /home/diego234/Esame/build/lidar_node_new -- -j5 -l5
[0.202s] [35m[1mConsolidate compiler generated dependencies of target lidar_node_new[0m
[0.293s] [ 50%] [32mBuilding CXX object CMakeFiles/lidar_node_new.dir/src/lidar_node_new.cpp.o[0m
[18.396s] [01m[K/home/diego234/Esame/src/lidar_node_new/src/lidar_node_new.cpp:[m[K In function ‘[01m[Kpcl::PointCloud<pcl::PointXYZ>::Ptr detectCones(const std::vector<std::shared_ptr<pcl::PointCloud<pcl::PointXYZ> > >&, const Header&, rclcpp::Publisher<geometry_msgs::msg::PoseArray_<std::allocator<void> > >::SharedPtr)[m[K’:
[18.396s] [01m[K/home/diego234/Esame/src/lidar_node_new/src/lidar_node_new.cpp:300:14:[m[K [01;35m[Kwarning: [m[Kunused variable ‘[01m[Kvalid_size[m[K’ [[01;35m[K]8;;https://gcc.gnu.org/onlinedocs/gcc/Warning-Options.html#index-Wunused-variable-Wunused-variable]8;;[m[K]
[18.396s]   300 |         bool [01;35m[Kvalid_size[m[K =   (box.size.x() >= MIN_CONE_WIDTH && box.size.x()<= MAX_CONE_WIDTH ) &&
[18.396s]       |              [01;35m[K^~~~~~~~~~[m[K
[18.397s] [01m[K/home/diego234/Esame/src/lidar_node_new/src/lidar_node_new.cpp:305:14:[m[K [01;35m[Kwarning: [m[Kunused variable ‘[01m[Kvalid_points[m[K’ [[01;35m[K]8;;https://gcc.gnu.org/onlinedocs/gcc/Warning-Options.html#index-Wunused-variable-Wunused-variable]8;;[m[K]
[18.397s]   305 |         bool [01;35m[Kvalid_points[m[K = (cluster->points.size() >= (expected_points - tolerance)) &&
[18.397s]       |              [01;35m[K^~~~~~~~~~~~[m[K
[37.849s] [100%] [32m[1mLinking CXX executable lidar_node_new[0m
[52.416s] [100%] Built target lidar_node_new
[52.446s] Invoked command in '/home/diego234/Esame/build/lidar_node_new' returned '0': CMAKE_PREFIX_PATH=${CMAKE_PREFIX_PATH}:/opt/ros/humble /usr/bin/cmake --build /home/diego234/Esame/build/lidar_node_new -- -j5 -l5
[52.475s] Invoking command in '/home/diego234/Esame/build/lidar_node_new': CMAKE_PREFIX_PATH=${CMAKE_PREFIX_PATH}:/opt/ros/humble /usr/bin/cmake --install /home/diego234/Esame/build/lidar_node_new
[52.497s] -- Install configuration: ""
[52.497s] -- Installing: /home/diego234/Esame/install/lidar_node_new/lib/lidar_node_new/lidar_node_new
[52.509s] -- Set runtime path of "/home/diego234/Esame/install/lidar_node_new/lib/lidar_node_new/lidar_node_new" to ""
[52.509s] -- Up-to-date: /home/diego234/Esame/install/lidar_node_new/share/ament_index/resource_index/package_run_dependencies/lidar_node_new
[52.509s] -- Up-to-date: /home/diego234/Esame/install/lidar_node_new/share/ament_index/resource_index/parent_prefix_path/lidar_node_new
[52.509s] -- Up-to-date: /home/diego234/Esame/install/lidar_node_new/share/lidar_node_new/environment/ament_prefix_path.sh
[52.509s] -- Up-to-date: /home/diego234/Esame/install/lidar_node_new/share/lidar_node_new/environment/ament_prefix_path.dsv
[52.510s] -- Up-to-date: /home/diego234/Esame/install/lidar_node_new/share/lidar_node_new/environment/path.sh
[52.510s] -- Up-to-date: /home/diego234/Esame/install/lidar_node_new/share/lidar_node_new/environment/path.dsv
[52.510s] -- Up-to-date: /home/diego234/Esame/install/lidar_node_new/share/lidar_node_new/local_setup.bash
[52.510s] -- Up-to-date: /home/diego234/Esame/install/lidar_node_new/share/lidar_node_new/local_setup.sh
[52.510s] -- Up-to-date: /home/diego234/Esame/install/lidar_node_new/share/lidar_node_new/local_setup.zsh
[52.511s] -- Up-to-date: /home/diego234/Esame/install/lidar_node_new/share/lidar_node_new/local_setup.dsv
[52.511s] -- Installing: /home/diego234/Esame/install/lidar_node_new/share/lidar_node_new/package.dsv
[52.511s] -- Up-to-date: /home/diego234/Esame/install/lidar_node_new/share/ament_index/resource_index/packages/lidar_node_new
[52.511s] -- Up-to-date: /home/diego234/Esame/install/lidar_node_new/share/lidar_node_new/cmake/lidar_node_newConfig.cmake
[52.511s] -- Up-to-date: /home/diego234/Esame/install/lidar_node_new/share/lidar_node_new/cmake/lidar_node_newConfig-version.cmake
[52.512s] -- Up-to-date: /home/diego234/Esame/install/lidar_node_new/share/lidar_node_new/package.xml
[52.514s] Invoked command in '/home/diego234/Esame/build/lidar_node_new' returned '0': CMAKE_PREFIX_PATH=${CMAKE_PREFIX_PATH}:/opt/ros/humble /usr/bin/cmake --install /home/diego234/Esame/build/lidar_node_new
