[0.363s] DEBUG:colcon:Command line arguments: ['/usr/bin/colcon', 'build']
[0.363s] DEBUG:colcon:Parsed command line arguments: Namespace(log_base=None, log_level=None, verb_name='build', build_base='build', install_base='install', merge_install=False, symlink_install=False, test_result_base=None, continue_on_error=False, executor='parallel', parallel_workers=5, event_handlers=None, ignore_user_meta=False, metas=['./colcon.meta'], base_paths=['.'], packages_ignore=None, packages_ignore_regex=None, paths=None, packages_up_to=None, packages_up_to_regex=None, packages_above=None, packages_above_and_dependencies=None, packages_above_depth=None, packages_select_by_dep=None, packages_skip_by_dep=None, packages_skip_up_to=None, packages_select_build_failed=False, packages_skip_build_finished=False, packages_select_test_failures=False, packages_skip_test_passed=False, packages_select=None, packages_skip=None, packages_select_regex=None, packages_skip_regex=None, packages_start=None, packages_end=None, allow_overriding=[], cmake_args=None, cmake_target=None, cmake_target_skip_unavailable=False, cmake_clean_cache=False, cmake_clean_first=False, cmake_force_configure=False, ament_cmake_args=None, catkin_cmake_args=None, catkin_skip_building_tests=False, mixin_files=None, mixin=None, verb_parser=<colcon_mixin.mixin.mixin_argument.MixinArgumentDecorator object at 0x7ebf4e25b9d0>, verb_extension=<colcon_core.verb.build.BuildVerb object at 0x7ebf4e215270>, main=<bound method BuildVerb.main of <colcon_core.verb.build.BuildVerb object at 0x7ebf4e215270>>, mixin_verb=('build',))
[1.047s] Level 1:colcon.colcon_core.package_discovery:discover_packages(colcon_meta) check parameters
[1.048s] Level 1:colcon.colcon_core.package_discovery:discover_packages(recursive) check parameters
[1.048s] Level 1:colcon.colcon_core.package_discovery:discover_packages(ignore) check parameters
[1.048s] Level 1:colcon.colcon_core.package_discovery:discover_packages(path) check parameters
[1.048s] Level 1:colcon.colcon_core.package_discovery:discover_packages(colcon_meta) discover
[1.048s] Level 1:colcon.colcon_core.package_discovery:discover_packages(recursive) discover
[1.048s] INFO:colcon.colcon_core.package_discovery:Crawling recursively for packages in '/home/diego234/Esame'
[1.048s] Level 1:colcon.colcon_core.package_identification:_identify(.) by extensions ['ignore', 'ignore_ament_install']
[1.049s] Level 1:colcon.colcon_core.package_identification:_identify(.) by extension 'ignore'
[1.049s] Level 1:colcon.colcon_core.package_identification:_identify(.) by extension 'ignore_ament_install'
[1.049s] Level 1:colcon.colcon_core.package_identification:_identify(.) by extensions ['colcon_pkg']
[1.049s] Level 1:colcon.colcon_core.package_identification:_identify(.) by extension 'colcon_pkg'
[1.049s] Level 1:colcon.colcon_core.package_identification:_identify(.) by extensions ['colcon_meta']
[1.049s] Level 1:colcon.colcon_core.package_identification:_identify(.) by extension 'colcon_meta'
[1.049s] Level 1:colcon.colcon_core.package_identification:_identify(.) by extensions ['ros']
[1.050s] Level 1:colcon.colcon_core.package_identification:_identify(.) by extension 'ros'
[1.111s] Level 1:colcon.colcon_core.package_identification:_identify(.) by extensions ['cmake', 'python']
[1.111s] Level 1:colcon.colcon_core.package_identification:_identify(.) by extension 'cmake'
[1.112s] Level 1:colcon.colcon_core.package_identification:_identify(.) by extension 'python'
[1.112s] Level 1:colcon.colcon_core.package_identification:_identify(.) by extensions ['python_setup_py']
[1.112s] Level 1:colcon.colcon_core.package_identification:_identify(.) by extension 'python_setup_py'
[1.112s] Level 1:colcon.colcon_core.package_identification:_identify(build) by extensions ['ignore', 'ignore_ament_install']
[1.112s] Level 1:colcon.colcon_core.package_identification:_identify(build) by extension 'ignore'
[1.112s] Level 1:colcon.colcon_core.package_identification:_identify(build) ignored
[1.113s] Level 1:colcon.colcon_core.package_identification:_identify(install) by extensions ['ignore', 'ignore_ament_install']
[1.113s] Level 1:colcon.colcon_core.package_identification:_identify(install) by extension 'ignore'
[1.113s] Level 1:colcon.colcon_core.package_identification:_identify(install) ignored
[1.113s] Level 1:colcon.colcon_core.package_identification:_identify(log) by extensions ['ignore', 'ignore_ament_install']
[1.113s] Level 1:colcon.colcon_core.package_identification:_identify(log) by extension 'ignore'
[1.114s] Level 1:colcon.colcon_core.package_identification:_identify(log) ignored
[1.114s] Level 1:colcon.colcon_core.package_identification:_identify(src) by extensions ['ignore', 'ignore_ament_install']
[1.114s] Level 1:colcon.colcon_core.package_identification:_identify(src) by extension 'ignore'
[1.114s] Level 1:colcon.colcon_core.package_identification:_identify(src) by extension 'ignore_ament_install'
[1.114s] Level 1:colcon.colcon_core.package_identification:_identify(src) by extensions ['colcon_pkg']
[1.114s] Level 1:colcon.colcon_core.package_identification:_identify(src) by extension 'colcon_pkg'
[1.114s] Level 1:colcon.colcon_core.package_identification:_identify(src) by extensions ['colcon_meta']
[1.114s] Level 1:colcon.colcon_core.package_identification:_identify(src) by extension 'colcon_meta'
[1.114s] Level 1:colcon.colcon_core.package_identification:_identify(src) by extensions ['ros']
[1.115s] Level 1:colcon.colcon_core.package_identification:_identify(src) by extension 'ros'
[1.115s] Level 1:colcon.colcon_core.package_identification:_identify(src) by extensions ['cmake', 'python']
[1.115s] Level 1:colcon.colcon_core.package_identification:_identify(src) by extension 'cmake'
[1.115s] Level 1:colcon.colcon_core.package_identification:_identify(src) by extension 'python'
[1.115s] Level 1:colcon.colcon_core.package_identification:_identify(src) by extensions ['python_setup_py']
[1.115s] Level 1:colcon.colcon_core.package_identification:_identify(src) by extension 'python_setup_py'
[1.115s] Level 1:colcon.colcon_core.package_identification:_identify(src/lidar_node_new) by extensions ['ignore', 'ignore_ament_install']
[1.115s] Level 1:colcon.colcon_core.package_identification:_identify(src/lidar_node_new) by extension 'ignore'
[1.116s] Level 1:colcon.colcon_core.package_identification:_identify(src/lidar_node_new) by extension 'ignore_ament_install'
[1.116s] Level 1:colcon.colcon_core.package_identification:_identify(src/lidar_node_new) by extensions ['colcon_pkg']
[1.116s] Level 1:colcon.colcon_core.package_identification:_identify(src/lidar_node_new) by extension 'colcon_pkg'
[1.116s] Level 1:colcon.colcon_core.package_identification:_identify(src/lidar_node_new) by extensions ['colcon_meta']
[1.116s] Level 1:colcon.colcon_core.package_identification:_identify(src/lidar_node_new) by extension 'colcon_meta'
[1.116s] Level 1:colcon.colcon_core.package_identification:_identify(src/lidar_node_new) by extensions ['ros']
[1.116s] Level 1:colcon.colcon_core.package_identification:_identify(src/lidar_node_new) by extension 'ros'
[1.123s] DEBUG:colcon.colcon_core.package_identification:Package 'src/lidar_node_new' with type 'ros.ament_cmake' and name 'lidar_node_new'
[1.123s] Level 1:colcon.colcon_core.package_discovery:discover_packages(recursive) using defaults
[1.123s] Level 1:colcon.colcon_core.package_discovery:discover_packages(ignore) discover
[1.123s] Level 1:colcon.colcon_core.package_discovery:discover_packages(ignore) using defaults
[1.123s] Level 1:colcon.colcon_core.package_discovery:discover_packages(path) discover
[1.124s] Level 1:colcon.colcon_core.package_discovery:discover_packages(path) using defaults
[1.168s] Level 1:colcon.colcon_core.package_discovery:discover_packages(prefix_path) check parameters
[1.168s] Level 1:colcon.colcon_core.package_discovery:discover_packages(prefix_path) discover
[1.173s] DEBUG:colcon.colcon_installed_package_information.package_discovery:Found 1 installed packages in /home/diego234/csagv_ws/install
[1.178s] DEBUG:colcon.colcon_installed_package_information.package_discovery:Found 386 installed packages in /opt/ros/humble
[1.185s] Level 1:colcon.colcon_core.package_discovery:discover_packages(prefix_path) using defaults
[1.284s] Level 5:colcon.colcon_core.verb:set package 'lidar_node_new' build argument 'cmake_args' from command line to 'None'
[1.284s] Level 5:colcon.colcon_core.verb:set package 'lidar_node_new' build argument 'cmake_target' from command line to 'None'
[1.284s] Level 5:colcon.colcon_core.verb:set package 'lidar_node_new' build argument 'cmake_target_skip_unavailable' from command line to 'False'
[1.284s] Level 5:colcon.colcon_core.verb:set package 'lidar_node_new' build argument 'cmake_clean_cache' from command line to 'False'
[1.284s] Level 5:colcon.colcon_core.verb:set package 'lidar_node_new' build argument 'cmake_clean_first' from command line to 'False'
[1.284s] Level 5:colcon.colcon_core.verb:set package 'lidar_node_new' build argument 'cmake_force_configure' from command line to 'False'
[1.284s] Level 5:colcon.colcon_core.verb:set package 'lidar_node_new' build argument 'ament_cmake_args' from command line to 'None'
[1.284s] Level 5:colcon.colcon_core.verb:set package 'lidar_node_new' build argument 'catkin_cmake_args' from command line to 'None'
[1.284s] Level 5:colcon.colcon_core.verb:set package 'lidar_node_new' build argument 'catkin_skip_building_tests' from command line to 'False'
[1.284s] DEBUG:colcon.colcon_core.verb:Building package 'lidar_node_new' with the following arguments: {'ament_cmake_args': None, 'build_base': '/home/diego234/Esame/build/lidar_node_new', 'catkin_cmake_args': None, 'catkin_skip_building_tests': False, 'cmake_args': None, 'cmake_clean_cache': False, 'cmake_clean_first': False, 'cmake_force_configure': False, 'cmake_target': None, 'cmake_target_skip_unavailable': False, 'install_base': '/home/diego234/Esame/install/lidar_node_new', 'merge_install': False, 'path': '/home/diego234/Esame/src/lidar_node_new', 'symlink_install': False, 'test_result_base': None}
[1.284s] INFO:colcon.colcon_core.executor:Executing jobs using 'parallel' executor
[1.286s] DEBUG:colcon.colcon_parallel_executor.executor.parallel:run_until_complete
[1.286s] INFO:colcon.colcon_ros.task.ament_cmake.build:Building ROS package in '/home/diego234/Esame/src/lidar_node_new' with build type 'ament_cmake'
[1.286s] INFO:colcon.colcon_cmake.task.cmake.build:Building CMake package in '/home/diego234/Esame/src/lidar_node_new'
[1.289s] INFO:colcon.colcon_core.plugin_system:Skipping extension 'colcon_core.shell.bat': Not used on non-Windows systems
[1.290s] INFO:colcon.colcon_core.shell:Skip shell extension 'powershell' for command environment: Not usable outside of PowerShell
[1.290s] DEBUG:colcon.colcon_core.shell:Skip shell extension 'dsv' for command environment
[1.320s] DEBUG:colcon.colcon_core.event_handler.log_command:Invoking command in '/home/diego234/Esame/build/lidar_node_new': CMAKE_PREFIX_PATH=${CMAKE_PREFIX_PATH}:/opt/ros/humble /usr/bin/cmake /home/diego234/Esame/src/lidar_node_new -DCMAKE_INSTALL_PREFIX=/home/diego234/Esame/install/lidar_node_new
[10.049s] DEBUG:colcon.colcon_core.event_handler.log_command:Invoked command in '/home/diego234/Esame/build/lidar_node_new' returned '0': CMAKE_PREFIX_PATH=${CMAKE_PREFIX_PATH}:/opt/ros/humble /usr/bin/cmake /home/diego234/Esame/src/lidar_node_new -DCMAKE_INSTALL_PREFIX=/home/diego234/Esame/install/lidar_node_new
[10.055s] DEBUG:colcon.colcon_core.event_handler.log_command:Invoking command in '/home/diego234/Esame/build/lidar_node_new': CMAKE_PREFIX_PATH=${CMAKE_PREFIX_PATH}:/opt/ros/humble /usr/bin/cmake --build /home/diego234/Esame/build/lidar_node_new -- -j5 -l5
[52.971s] DEBUG:colcon.colcon_core.event_handler.log_command:Invoked command in '/home/diego234/Esame/build/lidar_node_new' returned '0': CMAKE_PREFIX_PATH=${CMAKE_PREFIX_PATH}:/opt/ros/humble /usr/bin/cmake --build /home/diego234/Esame/build/lidar_node_new -- -j5 -l5
[52.987s] DEBUG:colcon.colcon_core.event_handler.log_command:Invoking command in '/home/diego234/Esame/build/lidar_node_new': CMAKE_PREFIX_PATH=${CMAKE_PREFIX_PATH}:/opt/ros/humble /usr/bin/cmake --install /home/diego234/Esame/build/lidar_node_new
[53.017s] Level 1:colcon.colcon_core.environment:create_environment_scripts_only(lidar_node_new)
[53.019s] DEBUG:colcon.colcon_core.event_handler.log_command:Invoked command in '/home/diego234/Esame/build/lidar_node_new' returned '0': CMAKE_PREFIX_PATH=${CMAKE_PREFIX_PATH}:/opt/ros/humble /usr/bin/cmake --install /home/diego234/Esame/build/lidar_node_new
[53.022s] Level 1:colcon.colcon_core.environment:checking '/home/diego234/Esame/install/lidar_node_new' for CMake module files
[53.023s] Level 1:colcon.colcon_core.environment:checking '/home/diego234/Esame/install/lidar_node_new' for CMake config files
[53.024s] Level 1:colcon.colcon_core.shell:create_environment_hook('lidar_node_new', 'cmake_prefix_path')
[53.024s] INFO:colcon.colcon_core.shell:Creating environment hook '/home/diego234/Esame/install/lidar_node_new/share/lidar_node_new/hook/cmake_prefix_path.ps1'
[53.026s] INFO:colcon.colcon_core.shell:Creating environment descriptor '/home/diego234/Esame/install/lidar_node_new/share/lidar_node_new/hook/cmake_prefix_path.dsv'
[53.028s] INFO:colcon.colcon_core.shell:Creating environment hook '/home/diego234/Esame/install/lidar_node_new/share/lidar_node_new/hook/cmake_prefix_path.sh'
[53.031s] Level 1:colcon.colcon_core.environment:checking '/home/diego234/Esame/install/lidar_node_new/lib'
[53.031s] Level 1:colcon.colcon_core.environment:checking '/home/diego234/Esame/install/lidar_node_new/bin'
[53.032s] Level 1:colcon.colcon_core.environment:checking '/home/diego234/Esame/install/lidar_node_new/lib/pkgconfig/lidar_node_new.pc'
[53.032s] Level 1:colcon.colcon_core.environment:checking '/home/diego234/Esame/install/lidar_node_new/lib/python3.10/site-packages'
[53.033s] Level 1:colcon.colcon_core.environment:checking '/home/diego234/Esame/install/lidar_node_new/bin'
[53.034s] INFO:colcon.colcon_core.shell:Creating package script '/home/diego234/Esame/install/lidar_node_new/share/lidar_node_new/package.ps1'
[53.036s] INFO:colcon.colcon_core.shell:Creating package descriptor '/home/diego234/Esame/install/lidar_node_new/share/lidar_node_new/package.dsv'
[53.037s] INFO:colcon.colcon_core.shell:Creating package script '/home/diego234/Esame/install/lidar_node_new/share/lidar_node_new/package.sh'
[53.038s] INFO:colcon.colcon_core.shell:Creating package script '/home/diego234/Esame/install/lidar_node_new/share/lidar_node_new/package.bash'
[53.043s] INFO:colcon.colcon_core.shell:Creating package script '/home/diego234/Esame/install/lidar_node_new/share/lidar_node_new/package.zsh'
[53.045s] Level 1:colcon.colcon_core.environment:create_file_with_runtime_dependencies(/home/diego234/Esame/install/lidar_node_new/share/colcon-core/packages/lidar_node_new)
[53.047s] Level 1:colcon.colcon_core.environment:create_environment_scripts_only(lidar_node_new)
[53.047s] Level 1:colcon.colcon_core.environment:checking '/home/diego234/Esame/install/lidar_node_new' for CMake module files
[53.048s] Level 1:colcon.colcon_core.environment:checking '/home/diego234/Esame/install/lidar_node_new' for CMake config files
[53.051s] Level 1:colcon.colcon_core.shell:create_environment_hook('lidar_node_new', 'cmake_prefix_path')
[53.052s] INFO:colcon.colcon_core.shell:Creating environment hook '/home/diego234/Esame/install/lidar_node_new/share/lidar_node_new/hook/cmake_prefix_path.ps1'
[53.053s] INFO:colcon.colcon_core.shell:Creating environment descriptor '/home/diego234/Esame/install/lidar_node_new/share/lidar_node_new/hook/cmake_prefix_path.dsv'
[53.055s] INFO:colcon.colcon_core.shell:Creating environment hook '/home/diego234/Esame/install/lidar_node_new/share/lidar_node_new/hook/cmake_prefix_path.sh'
[53.057s] Level 1:colcon.colcon_core.environment:checking '/home/diego234/Esame/install/lidar_node_new/lib'
[53.057s] Level 1:colcon.colcon_core.environment:checking '/home/diego234/Esame/install/lidar_node_new/bin'
[53.057s] Level 1:colcon.colcon_core.environment:checking '/home/diego234/Esame/install/lidar_node_new/lib/pkgconfig/lidar_node_new.pc'
[53.059s] Level 1:colcon.colcon_core.environment:checking '/home/diego234/Esame/install/lidar_node_new/lib/python3.10/site-packages'
[53.060s] Level 1:colcon.colcon_core.environment:checking '/home/diego234/Esame/install/lidar_node_new/bin'
[53.063s] INFO:colcon.colcon_core.shell:Creating package script '/home/diego234/Esame/install/lidar_node_new/share/lidar_node_new/package.ps1'
[53.066s] INFO:colcon.colcon_core.shell:Creating package descriptor '/home/diego234/Esame/install/lidar_node_new/share/lidar_node_new/package.dsv'
[53.067s] INFO:colcon.colcon_core.shell:Creating package script '/home/diego234/Esame/install/lidar_node_new/share/lidar_node_new/package.sh'
[53.068s] INFO:colcon.colcon_core.shell:Creating package script '/home/diego234/Esame/install/lidar_node_new/share/lidar_node_new/package.bash'
[53.069s] INFO:colcon.colcon_core.shell:Creating package script '/home/diego234/Esame/install/lidar_node_new/share/lidar_node_new/package.zsh'
[53.070s] Level 1:colcon.colcon_core.environment:create_file_with_runtime_dependencies(/home/diego234/Esame/install/lidar_node_new/share/colcon-core/packages/lidar_node_new)
[53.071s] DEBUG:colcon.colcon_parallel_executor.executor.parallel:closing loop
[53.072s] DEBUG:colcon.colcon_parallel_executor.executor.parallel:loop closed
[53.073s] DEBUG:colcon.colcon_parallel_executor.executor.parallel:run_until_complete finished with '0'
[53.073s] DEBUG:colcon.colcon_core.event_reactor:joining thread
[53.081s] INFO:colcon.colcon_core.plugin_system:Skipping extension 'colcon_notification.desktop_notification.terminal_notifier': Not used on non-Darwin systems
[53.082s] INFO:colcon.colcon_core.plugin_system:Skipping extension 'colcon_notification.desktop_notification.win32': Not used on non-Windows systems
[53.082s] INFO:colcon.colcon_notification.desktop_notification:Sending desktop notification using 'notify2'
[53.116s] DEBUG:colcon.colcon_core.event_reactor:joined thread
[53.116s] INFO:colcon.colcon_core.shell:Creating prefix script '/home/diego234/Esame/install/local_setup.ps1'
[53.120s] INFO:colcon.colcon_core.shell:Creating prefix util module '/home/diego234/Esame/install/_local_setup_util_ps1.py'
[53.125s] INFO:colcon.colcon_core.shell:Creating prefix chain script '/home/diego234/Esame/install/setup.ps1'
[53.128s] INFO:colcon.colcon_core.shell:Creating prefix script '/home/diego234/Esame/install/local_setup.sh'
[53.130s] INFO:colcon.colcon_core.shell:Creating prefix util module '/home/diego234/Esame/install/_local_setup_util_sh.py'
[53.131s] INFO:colcon.colcon_core.shell:Creating prefix chain script '/home/diego234/Esame/install/setup.sh'
[53.134s] INFO:colcon.colcon_core.shell:Creating prefix script '/home/diego234/Esame/install/local_setup.bash'
[53.135s] INFO:colcon.colcon_core.shell:Creating prefix chain script '/home/diego234/Esame/install/setup.bash'
[53.138s] INFO:colcon.colcon_core.shell:Creating prefix script '/home/diego234/Esame/install/local_setup.zsh'
[53.140s] INFO:colcon.colcon_core.shell:Creating prefix chain script '/home/diego234/Esame/install/setup.zsh'
